[2017-10-22 10:18:47.312] [ERROR] express - [undefined] GET 404 140ms /robots.txt
[2017-10-22 10:18:47.319] [INFO] express - [undefined] GET 200 96ms /
[2017-10-22 10:18:48.078] [INFO] express - [undefined] GET 200 416ms /libs/angular-inview.js
[2017-10-22 10:18:48.084] [INFO] express - [undefined] GET 200 479ms /libs/style.css
[2017-10-22 10:18:48.086] [INFO] express - [undefined] GET 200 422ms /libs/angular-aria.min.js
[2017-10-22 10:18:48.088] [INFO] express - [undefined] GET 200 427ms /libs/angular-animate.min.js
[2017-10-22 10:18:48.150] [INFO] express - [undefined] GET 200 526ms /libs/angular.min.js
[2017-10-22 10:18:48.151] [INFO] express - [undefined] GET 200 536ms /libs/angular-material.min.css
[2017-10-22 10:18:48.322] [INFO] express - [undefined] GET 200 78ms /libs/angular-messages.min.js
[2017-10-22 10:18:48.336] [INFO] express - [undefined] GET 200 74ms /libs/angular-ui-router.min.js
[2017-10-22 10:18:48.361] [INFO] express - [undefined] GET 200 24ms /libs/angular-translate.min.js
[2017-10-22 10:18:48.437] [INFO] express - [undefined] GET 200 20ms /libs/qrcode.min.js
[2017-10-22 10:18:48.571] [INFO] express - [undefined] GET 200 321ms /libs/angular-material.min.js
[2017-10-22 10:18:48.587] [INFO] express - [undefined] GET 200 19ms /libs/angular-qr.min.js
[2017-10-22 10:18:48.613] [INFO] express - [undefined] GET 200 16ms /libs/ngStorage.min.js
[2017-10-22 10:18:48.732] [INFO] express - [undefined] GET 200 76ms /libs/Chart.min.js
[2017-10-22 10:18:48.741] [INFO] express - [undefined] GET 200 81ms /libs/angular-chart.min.js
[2017-10-22 10:18:48.751] [INFO] express - [undefined] GET 200 64ms /libs/moment.min.js
[2017-10-22 10:18:48.800] [INFO] express - [undefined] GET 200 25ms /libs/angular-moment.min.js
[2017-10-22 10:18:48.839] [INFO] express - [undefined] GET 200 27ms /libs/angular-websocket.min.js
[2017-10-22 10:18:48.849] [INFO] express - [undefined] GET 200 36ms /libs/angular-marked.min.js
[2017-10-22 10:18:48.852] [INFO] express - [undefined] GET 200 37ms /libs/marked.min.js
[2017-10-22 10:18:48.858] [INFO] express - [undefined] GET 200 24ms /libs/bundle.js
[2017-10-22 10:19:01.499] [WARN] express - [undefined] GET 304 37ms /
[2017-10-22 10:19:01.665] [WARN] express - [undefined] GET 304 46ms /libs/style.css
[2017-10-22 10:19:01.673] [WARN] express - [undefined] GET 304 50ms /libs/angular-material.min.css
[2017-10-22 10:19:01.673] [WARN] express - [undefined] GET 304 45ms /libs/angular-inview.js
[2017-10-22 10:19:01.673] [WARN] express - [undefined] GET 304 44ms /libs/angular-animate.min.js
[2017-10-22 10:19:01.674] [WARN] express - [undefined] GET 304 48ms /libs/angular.min.js
[2017-10-22 10:19:01.680] [WARN] express - [undefined] GET 304 37ms /libs/angular-aria.min.js
[2017-10-22 10:19:01.718] [WARN] express - [undefined] GET 304 35ms /libs/angular-messages.min.js
[2017-10-22 10:19:01.725] [WARN] express - [undefined] GET 304 39ms /libs/angular-material.min.js
[2017-10-22 10:19:01.731] [WARN] express - [undefined] GET 304 39ms /libs/angular-ui-router.min.js
[2017-10-22 10:19:01.732] [WARN] express - [undefined] GET 304 34ms /libs/angular-translate.min.js
[2017-10-22 10:19:01.737] [WARN] express - [undefined] GET 304 40ms /libs/qrcode.min.js
[2017-10-22 10:19:01.748] [WARN] express - [undefined] GET 304 45ms /libs/angular-qr.min.js
[2017-10-22 10:19:01.807] [WARN] express - [undefined] GET 304 41ms /libs/ngStorage.min.js
[2017-10-22 10:19:01.808] [WARN] express - [undefined] GET 304 40ms /libs/moment.min.js
[2017-10-22 10:19:01.812] [WARN] express - [undefined] GET 304 47ms /libs/angular-moment.min.js
[2017-10-22 10:19:01.824] [WARN] express - [undefined] GET 304 58ms /libs/angular-chart.min.js
[2017-10-22 10:19:01.824] [WARN] express - [undefined] GET 304 45ms /libs/Chart.min.js
[2017-10-22 10:19:01.825] [WARN] express - [undefined] GET 304 37ms /libs/angular-websocket.min.js
[2017-10-22 10:19:01.857] [WARN] express - [undefined] GET 304 25ms /libs/marked.min.js
[2017-10-22 10:19:01.869] [WARN] express - [undefined] GET 304 35ms /libs/bundle.js
[2017-10-22 10:19:01.870] [WARN] express - [undefined] GET 304 32ms /libs/angular-marked.min.js
[2017-10-22 10:19:06.696] [ERROR] express - [undefined] GET 404 19ms /favicon.ico
[2017-10-22 10:19:18.878] [INFO] express - [undefined] GET 200 50ms /public/views/home/home.html
[2017-10-22 10:19:18.990] [INFO] express - [undefined] GET 200 26ms /libs/favicon.png
[2017-10-22 10:19:19.124] [INFO] express - [undefined] GET 200 16ms /public/views/home/index.html
[2017-10-22 10:19:19.480] [INFO] express - [undefined] GET 200 20ms /libs/MaterialIcons-Regular.woff2
[2017-10-22 10:19:19.484] [INFO] express - [undefined] GET 200 32ms /libs/home.png
[2017-10-22 10:19:22.674] [INFO] express - [undefined] GET 200 28ms /public/views/home/signup.html
[2017-10-22 10:19:28.467] [INFO] express - [undefined] GET 200 18ms /home/index
[2017-10-22 10:19:28.759] [INFO] express - [undefined] GET 200 18ms /libs/angular.min.js
[2017-10-22 10:19:28.993] [INFO] express - [undefined] GET 200 32ms /libs/angular-inview.js
[2017-10-22 10:19:29.562] [INFO] express - [undefined] GET 200 135ms /public/views/dialog/alert.html
[2017-10-22 10:19:29.655] [INFO] express - [undefined] GET 200 108ms /libs/angular-animate.min.js
[2017-10-22 10:19:29.809] [INFO] express - [undefined] GET 200 10ms /libs/angular-aria.min.js
[2017-10-22 10:19:29.933] [INFO] express - [undefined] GET 200 11ms /libs/angular-messages.min.js
[2017-10-22 10:19:30.236] [INFO] express - [undefined] GET 200 70ms /libs/angular-material.min.js
[2017-10-22 10:19:30.411] [INFO] express - [undefined] GET 200 13ms /libs/angular-ui-router.min.js
[2017-10-22 10:19:30.598] [INFO] express - [undefined] GET 200 10ms /libs/angular-translate.min.js
[2017-10-22 10:19:30.730] [INFO] express - [undefined] GET 200 12ms /libs/qrcode.min.js
[2017-10-22 10:19:30.862] [INFO] express - [undefined] GET 200 8ms /libs/angular-qr.min.js
[2017-10-22 10:19:31.132] [INFO] express - [undefined] GET 200 11ms /libs/ngStorage.min.js
[2017-10-22 10:19:31.485] [INFO] express - [undefined] GET 200 16ms /libs/Chart.min.js
[2017-10-22 10:19:31.768] [INFO] express - [undefined] GET 200 14ms /libs/angular-chart.min.js
[2017-10-22 10:19:31.938] [INFO] express - [undefined] GET 200 13ms /libs/moment.min.js
[2017-10-22 10:19:32.153] [INFO] express - [undefined] GET 200 10ms /libs/angular-moment.min.js
[2017-10-22 10:19:32.298] [INFO] express - [undefined] GET 200 12ms /libs/angular-websocket.min.js
[2017-10-22 10:19:32.451] [INFO] express - [undefined] GET 200 11ms /libs/marked.min.js
[2017-10-22 10:19:32.611] [INFO] express - [undefined] GET 200 10ms /libs/angular-marked.min.js
[2017-10-22 10:19:33.941] [INFO] express - [undefined] GET 200 14ms /libs/bundle.js
[2017-10-22 10:20:31.261] [INFO] express - [undefined] GET 200 74ms /home/signup
[2017-10-22 10:20:31.649] [WARN] express - [undefined] GET 304 25ms /libs/angular.min.js
[2017-10-22 10:20:31.649] [WARN] express - [undefined] GET 304 35ms /libs/style.css
[2017-10-22 10:20:31.653] [WARN] express - [undefined] GET 304 33ms /libs/angular-material.min.css
[2017-10-22 10:20:31.655] [WARN] express - [undefined] GET 304 27ms /libs/angular-inview.js
[2017-10-22 10:20:31.655] [WARN] express - [undefined] GET 304 18ms /libs/angular-aria.min.js
[2017-10-22 10:20:31.658] [WARN] express - [undefined] GET 304 21ms /libs/angular-animate.min.js
[2017-10-22 10:20:31.686] [WARN] express - [undefined] GET 304 13ms /libs/angular-messages.min.js
[2017-10-22 10:20:31.696] [WARN] express - [undefined] GET 304 17ms /libs/angular-material.min.js
[2017-10-22 10:20:31.708] [WARN] express - [undefined] GET 304 24ms /libs/angular-ui-router.min.js
[2017-10-22 10:20:31.716] [WARN] express - [undefined] GET 304 26ms /libs/angular-translate.min.js
[2017-10-22 10:20:31.721] [WARN] express - [undefined] GET 304 11ms /libs/ngStorage.min.js
[2017-10-22 10:20:31.724] [WARN] express - [undefined] GET 304 27ms /libs/qrcode.min.js
[2017-10-22 10:20:31.742] [WARN] express - [undefined] GET 304 31ms /libs/angular-qr.min.js
[2017-10-22 10:20:31.753] [WARN] express - [undefined] GET 304 26ms /libs/Chart.min.js
[2017-10-22 10:20:31.754] [WARN] express - [undefined] GET 304 19ms /libs/angular-chart.min.js
[2017-10-22 10:20:31.766] [WARN] express - [undefined] GET 304 23ms /libs/moment.min.js
[2017-10-22 10:20:31.775] [WARN] express - [undefined] GET 304 32ms /libs/angular-moment.min.js
[2017-10-22 10:20:31.776] [WARN] express - [undefined] GET 304 22ms /libs/angular-websocket.min.js
[2017-10-22 10:20:31.789] [WARN] express - [undefined] GET 304 21ms /libs/marked.min.js
[2017-10-22 10:20:31.793] [WARN] express - [undefined] GET 304 21ms /libs/angular-marked.min.js
[2017-10-22 10:20:31.799] [WARN] express - [undefined] GET 304 22ms /libs/bundle.js
[2017-10-22 10:20:33.342] [WARN] express - [undefined] GET 304 12ms /public/views/home/home.html
[2017-10-22 10:20:33.404] [WARN] express - [undefined] GET 304 15ms /public/views/home/signup.html
[2017-10-22 10:20:33.475] [WARN] express - [undefined] GET 304 12ms /libs/home.png
[2017-10-22 10:20:38.928] [WARN] express - [undefined] GET 304 14ms /public/views/home/index.html
[2017-10-22 10:20:41.377] [INFO] express - [undefined] GET 200 33ms /public/views/home/login.html
[2017-10-22 10:20:44.325] [WARN] express - [undefined] GET 304 11ms /public/views/dialog/alert.html
[2017-10-22 10:20:48.003] [INFO] express - [undefined] GET 200 20ms /public/views/dialog/language.html
[2017-10-22 10:21:11.863] [INFO] express - [undefined] GET 200 23ms /home/login
[2017-10-22 10:21:12.011] [INFO] express - [undefined] GET 200 22ms /libs/angular.min.js
[2017-10-22 10:21:12.262] [INFO] express - [undefined] GET 200 12ms /libs/angular-inview.js
[2017-10-22 10:21:12.437] [INFO] express - [undefined] GET 200 13ms /libs/angular-animate.min.js
[2017-10-22 10:21:12.591] [INFO] express - [undefined] GET 200 12ms /libs/angular-aria.min.js
[2017-10-22 10:21:12.775] [INFO] express - [undefined] GET 200 13ms /libs/angular-messages.min.js
[2017-10-22 10:21:12.922] [INFO] express - [undefined] GET 200 32ms /libs/angular-material.min.js
[2017-10-22 10:21:13.168] [INFO] express - [undefined] GET 200 11ms /libs/angular-ui-router.min.js
[2017-10-22 10:21:13.322] [INFO] express - [undefined] GET 200 11ms /libs/angular-translate.min.js
[2017-10-22 10:21:13.460] [INFO] express - [undefined] GET 200 16ms /libs/qrcode.min.js
[2017-10-22 10:21:13.576] [INFO] express - [undefined] GET 200 11ms /libs/angular-qr.min.js
[2017-10-22 10:21:13.740] [INFO] express - [undefined] GET 200 19ms /libs/ngStorage.min.js
[2017-10-22 10:21:13.956] [INFO] express - [undefined] GET 200 22ms /libs/Chart.min.js
[2017-10-22 10:21:14.130] [INFO] express - [undefined] GET 200 11ms /libs/angular-chart.min.js
[2017-10-22 10:21:14.324] [INFO] express - [undefined] GET 200 22ms /libs/moment.min.js
[2017-10-22 10:21:14.476] [INFO] express - [undefined] GET 200 17ms /libs/angular-moment.min.js
[2017-10-22 10:21:14.592] [INFO] express - [undefined] GET 200 13ms /libs/angular-websocket.min.js
[2017-10-22 10:21:14.722] [INFO] express - [undefined] GET 200 13ms /libs/marked.min.js
[2017-10-22 10:21:14.856] [INFO] express - [undefined] GET 200 12ms /libs/angular-marked.min.js
[2017-10-22 10:21:15.138] [INFO] express - [undefined] GET 200 15ms /libs/bundle.js
[2017-10-22 10:29:22.497] [WARN] express - [undefined] GET 304 58ms /
[2017-10-22 10:29:22.679] [INFO] express - [undefined] GET 200 57ms /libs/style.css
[2017-10-22 10:29:22.701] [INFO] express - [undefined] GET 200 45ms /libs/angular-aria.min.js
[2017-10-22 10:29:22.702] [INFO] express - [undefined] GET 200 59ms /libs/angular-animate.min.js
[2017-10-22 10:29:22.702] [INFO] express - [undefined] GET 200 61ms /libs/angular-inview.js
[2017-10-22 10:29:22.844] [INFO] express - [undefined] GET 200 213ms /libs/angular.min.js
[2017-10-22 10:29:22.850] [INFO] express - [undefined] GET 200 225ms /libs/angular-material.min.css
[2017-10-22 10:29:22.895] [INFO] express - [undefined] GET 200 27ms /libs/angular-messages.min.js
[2017-10-22 10:29:22.897] [INFO] express - [undefined] GET 200 23ms /libs/angular-ui-router.min.js
[2017-10-22 10:29:22.935] [INFO] express - [undefined] GET 200 30ms /libs/qrcode.min.js
[2017-10-22 10:29:22.936] [INFO] express - [undefined] GET 200 38ms /libs/angular-translate.min.js
[2017-10-22 10:29:22.938] [INFO] express - [undefined] GET 200 16ms /libs/angular-qr.min.js
[2017-10-22 10:29:22.958] [INFO] express - [undefined] GET 200 17ms /libs/ngStorage.min.js
[2017-10-22 10:29:22.961] [INFO] express - [undefined] GET 200 18ms /libs/Chart.min.js
[2017-10-22 10:29:22.994] [INFO] express - [undefined] GET 200 121ms /libs/angular-material.min.js
[2017-10-22 10:29:23.038] [INFO] express - [undefined] GET 200 16ms /libs/angular-chart.min.js
[2017-10-22 10:29:23.043] [INFO] express - [undefined] GET 200 21ms /libs/moment.min.js
[2017-10-22 10:29:23.068] [INFO] express - [undefined] GET 200 17ms /libs/angular-moment.min.js
[2017-10-22 10:29:23.106] [INFO] express - [undefined] GET 200 24ms /libs/marked.min.js
[2017-10-22 10:29:23.108] [INFO] express - [undefined] GET 200 25ms /libs/angular-websocket.min.js
[2017-10-22 10:29:23.117] [INFO] express - [undefined] GET 200 15ms /libs/angular-marked.min.js
[2017-10-22 10:29:23.160] [INFO] express - [undefined] GET 200 21ms /libs/bundle.js
[2017-10-22 10:29:25.152] [INFO] express - [undefined] GET 200 17ms /public/views/home/home.html
[2017-10-22 10:29:25.420] [INFO] express - [undefined] GET 200 11ms /public/views/home/index.html
[2017-10-22 10:29:25.760] [INFO] express - [undefined] GET 200 13ms /libs/home.png
[2017-10-22 10:29:25.780] [INFO] express - [undefined] GET 200 14ms /libs/MaterialIcons-Regular.woff2
[2017-10-22 10:29:27.296] [INFO] express - [undefined] GET 200 15ms /public/views/home/signup.html
[2017-10-22 10:29:33.289] [INFO] express - [undefined] GET 200 113ms /public/views/dialog/alert.html
[2017-10-22 10:29:34.882] [INFO] express - [undefined] POST 200 1730ms /api/home/code
[2017-10-22 10:30:53.181] [INFO] express - [undefined] POST 200 63ms /api/home/signup
[2017-10-22 10:30:54.874] [INFO] express - [undefined] GET 200 15ms /public/views/home/login.html
[2017-10-22 10:31:06.331] [INFO] express - [undefined] POST 200 35ms /api/home/login
[2017-10-22 10:31:07.178] [INFO] express - [undefined] GET 200 24ms /public/views/admin/admin.html
[2017-10-22 10:31:07.424] [INFO] express - [undefined] GET 200 15ms /public/views/admin/index.html
[2017-10-22 10:31:07.802] [INFO] express - [undefined] GET 200 86ms /api/admin/user/recentSignUp
[2017-10-22 10:31:07.802] [INFO] express - [undefined] GET 200 84ms /api/admin/user/recentLogin
[2017-10-22 10:31:07.806] [INFO] express - [undefined] GET 200 78ms /api/admin/paypal/recentOrder
[2017-10-22 10:31:07.815] [INFO] express - [undefined] GET 200 95ms /api/admin/alipay/recentOrder
[2017-10-22 10:31:11.450] [INFO] express - [undefined] GET 200 17ms /public/views/admin/server.html
[2017-10-22 10:31:11.753] [INFO] express - [undefined] GET 200 58ms /api/admin/server?status=true
[2017-10-22 10:31:12.080] [INFO] express - [undefined] GET 200 91ms /api/admin/flow/1?time=1508601600000&time=1508639503526
[2017-10-22 10:31:12.086] [INFO] express - [undefined] GET 200 101ms /api/admin/flow/1?time=1508601600000&time=1508639503525
[2017-10-22 10:31:12.087] [INFO] express - [undefined] GET 200 97ms /api/admin/flow/1?time=1506787200000&time=1508639503526
[2017-10-22 10:31:13.545] [INFO] express - [undefined] GET 200 32ms /public/views/admin/serverPage.html
[2017-10-22 10:31:13.959] [INFO] express - [undefined] GET 200 148ms /api/admin/server/1
[2017-10-22 10:31:13.960] [INFO] express - [undefined] GET 200 142ms /api/admin/flow/1?time=1508601600000&type=day
[2017-10-22 10:31:13.964] [ERROR] express - [undefined] GET 403 80ms /api/admin/flow/1/user?time=1508601600000&type=day
[2017-10-22 10:31:14.378] [ERROR] express - [undefined] GET 403 82ms /api/admin/flow/1/user?time=1508515200000&type=day
[2017-10-22 10:31:14.385] [INFO] express - [undefined] GET 200 91ms /api/admin/flow/1?time=1508515200000&type=day
[2017-10-22 10:31:14.482] [ERROR] express - [undefined] GET 403 62ms /api/admin/flow/1/user?time=1508428800000&type=day
[2017-10-22 10:31:14.487] [INFO] express - [undefined] GET 200 72ms /api/admin/flow/1?time=1508428800000&type=day
[2017-10-22 10:31:14.584] [INFO] express - [undefined] GET 200 64ms /api/admin/flow/1?time=1508342400000&type=day
[2017-10-22 10:31:14.590] [ERROR] express - [undefined] GET 403 54ms /api/admin/flow/1/user?time=1508342400000&type=day
[2017-10-22 10:31:15.329] [WARN] express - [undefined] GET 304 34ms /api/admin/server?status=true
[2017-10-22 10:31:15.471] [INFO] express - [undefined] GET 200 57ms /api/admin/flow/1?time=1508601600000&time=1508639506936
[2017-10-22 10:31:15.476] [INFO] express - [undefined] GET 200 55ms /api/admin/flow/1?time=1506787200000&time=1508639506936
[2017-10-22 10:31:15.476] [INFO] express - [undefined] GET 200 53ms /api/admin/flow/1/lastHour
[2017-10-22 10:31:15.503] [WARN] express - [undefined] GET 304 23ms /api/admin/flow/1?time=1508601600000&time=1508639506936
[2017-10-22 10:31:19.722] [INFO] express - [undefined] GET 200 15ms /public/views/admin/user.html
[2017-10-22 10:31:20.094] [ERROR] express - [undefined] GET 403 26ms /api/admin/user?page=1&pageSize=80&sort=id_asc
[2017-10-22 10:31:25.153] [ERROR] express - [undefined] GET 403 30ms /api/admin/user?page=1&pageSize=80&sort=id_asc
[2017-10-22 10:31:30.200] [ERROR] express - [undefined] GET 403 16ms /api/admin/user?page=1&pageSize=80&sort=id_asc
[2017-10-22 10:31:30.379] [INFO] express - [undefined] GET 200 40ms /admin/user
[2017-10-22 10:31:30.849] [INFO] express - [undefined] GET 200 23ms /libs/angular.min.js
[2017-10-22 10:31:31.359] [INFO] express - [undefined] GET 200 25ms /libs/angular-inview.js
[2017-10-22 10:31:31.620] [INFO] express - [undefined] GET 200 19ms /libs/angular-animate.min.js
[2017-10-22 10:31:35.259] [ERROR] express - [undefined] GET 403 21ms /api/admin/user?page=1&pageSize=80&sort=id_asc
[2017-10-22 10:31:35.604] [INFO] express - [undefined] GET 200 17ms /public/views/admin/account.html
[2017-10-22 10:31:35.943] [INFO] express - [undefined] GET 200 15ms /api/admin/account
[2017-10-22 10:31:37.935] [INFO] express - [undefined] GET 200 14ms /public/views/admin/pay.html
[2017-10-22 10:31:38.352] [INFO] express - [undefined] GET 200 18ms /api/admin/alipay?filter=CREATE&filter=WAIT_BUYER_PAY&filter=TRADE_SUCCESS&filter=FINISH&filter=TRADE_CLOSED&page=1&pageSize=50
[2017-10-22 10:31:39.968] [INFO] express - [undefined] GET 200 24ms /api/admin/paypal?filter=created&filter=approved&filter=finish&page=1&pageSize=50
[2017-10-22 10:31:40.311] [ERROR] express - [undefined] GET 403 17ms /api/admin/user?page=1&pageSize=80&sort=id_asc
[2017-10-22 10:31:40.971] [WARN] express - [undefined] GET 304 14ms /api/admin/alipay?filter=CREATE&filter=WAIT_BUYER_PAY&filter=TRADE_SUCCESS&filter=FINISH&filter=TRADE_CLOSED&page=1&pageSize=50
[2017-10-22 10:31:44.774] [INFO] express - [undefined] GET 200 12ms /public/views/admin/settings.html
[2017-10-22 10:31:46.176] [INFO] express - [undefined] GET 200 33ms /public/views/admin/baseSetting.html
[2017-10-22 10:31:46.439] [INFO] express - [undefined] GET 200 13ms /api/admin/setting/base
[2017-10-22 10:31:46.713] [INFO] express - [undefined] PUT 200 23ms /api/admin/setting/base
[2017-10-22 10:31:48.276] [INFO] express - [undefined] GET 200 14ms /admin/pay
[2017-10-22 10:31:48.637] [INFO] express - [undefined] GET 200 23ms /libs/angular.min.js
[2017-10-22 10:31:48.967] [INFO] express - [undefined] GET 200 12ms /libs/angular-inview.js
[2017-10-22 10:31:50.436] [INFO] express - [undefined] PUT 200 25ms /api/admin/setting/base
[2017-10-22 10:31:51.210] [INFO] express - [undefined] GET 200 22ms /libs/angular-aria.min.js
[2017-10-22 10:31:51.395] [INFO] express - [undefined] GET 200 22ms /libs/angular-messages.min.js
[2017-10-22 10:31:51.645] [INFO] express - [undefined] GET 200 45ms /libs/angular-material.min.js
[2017-10-22 10:31:51.944] [INFO] express - [undefined] GET 200 13ms /libs/angular-ui-router.min.js
[2017-10-22 10:31:52.145] [INFO] express - [undefined] GET 200 12ms /libs/angular-translate.min.js
[2017-10-22 10:31:52.308] [INFO] express - [undefined] GET 200 10ms /libs/qrcode.min.js
[2017-10-22 10:31:52.477] [INFO] express - [undefined] GET 200 15ms /libs/angular-qr.min.js
[2017-10-22 10:31:52.650] [INFO] express - [undefined] GET 200 17ms /libs/ngStorage.min.js
[2017-10-22 10:31:52.810] [INFO] express - [undefined] GET 200 17ms /libs/Chart.min.js
[2017-10-22 10:31:53.054] [INFO] express - [undefined] GET 200 14ms /libs/angular-chart.min.js
[2017-10-22 10:31:53.265] [INFO] express - [undefined] GET 200 18ms /libs/moment.min.js
[2017-10-22 10:31:53.447] [INFO] express - [undefined] GET 200 14ms /libs/angular-moment.min.js
[2017-10-22 10:31:53.599] [INFO] express - [undefined] GET 200 12ms /libs/angular-websocket.min.js
[2017-10-22 10:31:53.755] [INFO] express - [undefined] GET 200 18ms /libs/marked.min.js
[2017-10-22 10:31:53.894] [INFO] express - [undefined] PUT 200 24ms /api/admin/setting/base
[2017-10-22 10:31:53.927] [INFO] express - [undefined] GET 200 10ms /libs/angular-marked.min.js
[2017-10-22 10:31:55.424] [INFO] express - [undefined] GET 200 15ms /public/views/admin/notice.html
[2017-10-22 10:31:55.682] [INFO] express - [undefined] GET 200 12ms /api/admin/notice
[2017-10-22 10:31:58.472] [INFO] express - [undefined] GET 200 14ms /public/views/admin/paymentSetting.html
[2017-10-22 10:31:58.744] [INFO] express - [undefined] GET 200 24ms /api/admin/setting/payment
[2017-10-22 10:31:59.111] [INFO] express - [undefined] PUT 200 57ms /api/admin/setting/payment
[2017-10-22 10:32:04.447] [INFO] express - [undefined] GET 200 15ms /libs/bundle.js
[2017-10-22 10:32:09.737] [INFO] express - [undefined] GET 200 18ms /libs/angular-animate.min.js
[2017-10-22 10:32:10.140] [INFO] express - [undefined] GET 200 17ms /libs/angular-aria.min.js
[2017-10-22 10:32:10.331] [INFO] express - [undefined] GET 200 11ms /libs/angular-messages.min.js
[2017-10-22 10:32:10.552] [INFO] express - [undefined] GET 200 39ms /libs/angular-material.min.js
[2017-10-22 10:32:10.814] [INFO] express - [undefined] GET 200 13ms /libs/angular-ui-router.min.js
[2017-10-22 10:32:10.994] [INFO] express - [undefined] GET 200 13ms /libs/angular-translate.min.js
[2017-10-22 10:32:11.234] [INFO] express - [undefined] GET 200 11ms /libs/qrcode.min.js
[2017-10-22 10:32:11.465] [INFO] express - [undefined] GET 200 21ms /libs/angular-qr.min.js
[2017-10-22 10:32:11.616] [INFO] express - [undefined] GET 200 10ms /libs/ngStorage.min.js
[2017-10-22 10:32:11.796] [INFO] express - [undefined] GET 200 20ms /libs/Chart.min.js
[2017-10-22 10:32:11.973] [INFO] express - [undefined] GET 200 8ms /libs/angular-chart.min.js
[2017-10-22 10:32:12.070] [INFO] express - [undefined] GET 200 15ms /public/views/admin/mailSetting.html
[2017-10-22 10:32:12.275] [INFO] express - [undefined] GET 200 20ms /libs/moment.min.js
[2017-10-22 10:32:12.483] [INFO] express - [undefined] GET 200 10ms /libs/angular-moment.min.js
[2017-10-22 10:32:12.753] [INFO] express - [undefined] GET 200 14ms /libs/angular-websocket.min.js
[2017-10-22 10:32:12.884] [INFO] express - [undefined] GET 200 12ms /libs/marked.min.js
[2017-10-22 10:32:12.931] [INFO] express - [undefined] GET 200 12ms /admin/settings/base
[2017-10-22 10:32:13.088] [INFO] express - [undefined] GET 200 17ms /libs/angular.min.js
[2017-10-22 10:32:13.096] [INFO] express - [undefined] GET 200 15ms /libs/angular-marked.min.js
[2017-10-22 10:32:13.350] [INFO] express - [undefined] GET 200 14ms /libs/angular-inview.js
[2017-10-22 10:32:13.492] [INFO] express - [undefined] GET 200 12ms /libs/angular-animate.min.js
[2017-10-22 10:32:13.627] [INFO] express - [undefined] GET 200 10ms /libs/angular-aria.min.js
[2017-10-22 10:32:13.870] [INFO] express - [undefined] GET 200 14ms /libs/angular-messages.min.js
[2017-10-22 10:32:14.002] [INFO] express - [undefined] GET 200 15ms /api/admin/setting/mail?type=code
[2017-10-22 10:32:14.010] [INFO] express - [undefined] GET 200 20ms /public/views/dialog/setEmail.html
[2017-10-22 10:32:14.092] [INFO] express - [undefined] GET 200 37ms /libs/angular-material.min.js
[2017-10-22 10:32:14.461] [INFO] express - [undefined] GET 200 24ms /libs/angular-ui-router.min.js
[2017-10-22 10:32:14.591] [INFO] express - [undefined] GET 200 24ms /libs/angular-translate.min.js
[2017-10-22 10:32:14.766] [INFO] express - [undefined] GET 200 17ms /libs/qrcode.min.js
[2017-10-22 10:32:14.950] [INFO] express - [undefined] GET 200 17ms /libs/angular-qr.min.js
[2017-10-22 10:32:15.138] [INFO] express - [undefined] GET 200 13ms /libs/ngStorage.min.js
[2017-10-22 10:32:15.296] [INFO] express - [undefined] GET 200 18ms /libs/Chart.min.js
[2017-10-22 10:32:15.484] [INFO] express - [undefined] GET 200 10ms /libs/angular-chart.min.js
[2017-10-22 10:32:15.659] [INFO] express - [undefined] GET 200 15ms /libs/moment.min.js
[2017-10-22 10:32:15.869] [INFO] express - [undefined] GET 200 11ms /libs/angular-moment.min.js
[2017-10-22 10:32:16.014] [INFO] express - [undefined] GET 200 10ms /libs/angular-websocket.min.js
[2017-10-22 10:32:16.309] [INFO] express - [undefined] GET 200 10ms /libs/marked.min.js
[2017-10-22 10:32:16.488] [INFO] express - [undefined] GET 200 11ms /libs/angular-marked.min.js
[2017-10-22 10:32:17.956] [INFO] express - [undefined] GET 200 17ms /public/views/admin/accountSetting.html
[2017-10-22 10:32:18.257] [INFO] express - [undefined] GET 200 18ms /api/admin/setting/account
[2017-10-22 10:32:18.603] [INFO] express - [undefined] PUT 200 73ms /api/admin/setting/account
[2017-10-22 10:32:22.150] [INFO] express - [undefined] GET 200 24ms /admin/settings/mail
[2017-10-22 10:32:22.358] [INFO] express - [undefined] GET 200 30ms /libs/angular.min.js
[2017-10-22 10:32:22.628] [INFO] express - [undefined] GET 200 11ms /libs/angular-inview.js
[2017-10-22 10:32:22.885] [INFO] express - [undefined] GET 200 16ms /libs/angular-animate.min.js
[2017-10-22 10:32:23.026] [INFO] express - [undefined] GET 200 11ms /libs/angular-aria.min.js
[2017-10-22 10:32:23.275] [INFO] express - [undefined] GET 200 13ms /libs/angular-messages.min.js
[2017-10-22 10:32:23.399] [INFO] express - [undefined] GET 200 21ms /libs/bundle.js
[2017-10-22 10:32:23.404] [INFO] express - [undefined] GET 200 31ms /libs/angular-material.min.js
[2017-10-22 10:32:23.677] [INFO] express - [undefined] GET 200 24ms /libs/angular-ui-router.min.js
[2017-10-22 10:32:23.777] [INFO] express - [undefined] GET 200 23ms /libs/bundle.js
[2017-10-22 10:32:23.863] [INFO] express - [undefined] GET 200 24ms /libs/angular-translate.min.js
[2017-10-22 10:32:24.163] [INFO] express - [undefined] GET 200 15ms /libs/qrcode.min.js
[2017-10-22 10:32:24.335] [INFO] express - [undefined] GET 200 9ms /libs/angular-qr.min.js
[2017-10-22 10:32:24.469] [INFO] express - [undefined] GET 200 11ms /libs/ngStorage.min.js
[2017-10-22 10:32:24.653] [INFO] express - [undefined] GET 200 24ms /libs/Chart.min.js
[2017-10-22 10:32:24.815] [INFO] express - [undefined] GET 200 10ms /libs/angular-chart.min.js
[2017-10-22 10:32:24.967] [INFO] express - [undefined] GET 200 14ms /libs/moment.min.js
[2017-10-22 10:32:25.205] [INFO] express - [undefined] GET 200 11ms /libs/angular-moment.min.js
[2017-10-22 10:32:25.370] [INFO] express - [undefined] GET 200 12ms /libs/angular-websocket.min.js
[2017-10-22 10:32:25.548] [INFO] express - [undefined] GET 200 18ms /libs/marked.min.js
[2017-10-22 10:32:25.746] [INFO] express - [undefined] GET 200 14ms /libs/angular-marked.min.js
[2017-10-22 10:32:26.101] [INFO] express - [undefined] GET 200 12ms /libs/bundle.js
[2017-10-22 10:32:28.313] [INFO] express - [undefined] PUT 200 21ms /api/admin/setting/account
[2017-10-22 10:32:30.504] [INFO] express - [undefined] GET 200 38ms /admin/settings/payment
[2017-10-22 10:32:30.839] [INFO] express - [undefined] GET 200 21ms /libs/angular.min.js
[2017-10-22 10:32:31.274] [INFO] express - [undefined] GET 200 10ms /libs/angular-inview.js
[2017-10-22 10:32:31.413] [INFO] express - [undefined] GET 200 15ms /api/admin/setting/account
[2017-10-22 10:32:31.475] [INFO] express - [undefined] GET 200 20ms /libs/angular-animate.min.js
[2017-10-22 10:32:31.658] [INFO] express - [undefined] GET 200 14ms /libs/angular-aria.min.js
[2017-10-22 10:32:31.703] [INFO] express - [undefined] PUT 200 19ms /api/admin/setting/account
[2017-10-22 10:32:31.848] [INFO] express - [undefined] GET 200 14ms /libs/angular-messages.min.js
[2017-10-22 10:32:31.982] [INFO] express - [undefined] GET 200 28ms /libs/angular-material.min.js
[2017-10-22 10:32:32.159] [INFO] express - [undefined] GET 200 14ms /libs/angular-ui-router.min.js
[2017-10-22 10:32:32.348] [INFO] express - [undefined] GET 200 17ms /libs/angular-translate.min.js
[2017-10-22 10:32:32.466] [INFO] express - [undefined] GET 200 13ms /libs/qrcode.min.js
[2017-10-22 10:32:32.589] [INFO] express - [undefined] GET 200 10ms /libs/angular-qr.min.js
[2017-10-22 10:32:32.716] [INFO] express - [undefined] GET 200 10ms /libs/ngStorage.min.js
[2017-10-22 10:32:32.848] [INFO] express - [undefined] GET 200 18ms /libs/Chart.min.js
[2017-10-22 10:32:33.103] [INFO] express - [undefined] GET 200 9ms /libs/angular-chart.min.js
[2017-10-22 10:32:33.385] [INFO] express - [undefined] GET 200 41ms /libs/moment.min.js
[2017-10-22 10:32:33.614] [INFO] express - [undefined] GET 200 22ms /libs/angular-moment.min.js
[2017-10-22 10:32:33.769] [INFO] express - [undefined] GET 200 11ms /libs/angular-websocket.min.js
[2017-10-22 10:32:33.934] [INFO] express - [undefined] GET 200 10ms /libs/marked.min.js
[2017-10-22 10:32:34.107] [INFO] express - [undefined] GET 200 37ms /libs/angular-marked.min.js
[2017-10-22 10:32:34.568] [INFO] express - [undefined] GET 200 15ms /libs/bundle.js
[2017-10-22 10:32:38.602] [INFO] express - [undefined] GET 200 12ms /api/admin/setting/account
[2017-10-22 10:32:38.922] [INFO] express - [undefined] PUT 200 23ms /api/admin/setting/account
[2017-10-22 10:32:42.379] [INFO] express - [undefined] PUT 200 34ms /api/admin/setting/account
[2017-10-22 10:32:50.019] [INFO] express - [undefined] GET 200 19ms /
[2017-10-22 10:32:50.315] [INFO] express - [undefined] GET 200 16ms /libs/style.css
[2017-10-22 10:32:50.356] [INFO] express - [undefined] GET 200 27ms /libs/angular-inview.js
[2017-10-22 10:32:50.363] [INFO] express - [undefined] GET 200 25ms /libs/angular-aria.min.js
[2017-10-22 10:32:50.364] [INFO] express - [undefined] GET 200 31ms /libs/angular-animate.min.js
[2017-10-22 10:32:50.436] [INFO] express - [undefined] GET 200 115ms /libs/angular-material.min.css
[2017-10-22 10:32:50.437] [INFO] express - [undefined] GET 200 111ms /libs/angular.min.js
[2017-10-22 10:32:50.533] [INFO] express - [undefined] GET 200 11ms /libs/angular-messages.min.js
[2017-10-22 10:32:50.549] [INFO] express - [undefined] GET 200 12ms /libs/angular-ui-router.min.js
[2017-10-22 10:32:50.566] [INFO] express - [undefined] GET 200 31ms /libs/angular-translate.min.js
[2017-10-22 10:32:50.574] [INFO] express - [undefined] GET 200 19ms /libs/qrcode.min.js
[2017-10-22 10:32:50.580] [INFO] express - [undefined] GET 200 23ms /libs/angular-qr.min.js
[2017-10-22 10:32:50.588] [INFO] express - [undefined] GET 200 18ms /libs/ngStorage.min.js
[2017-10-22 10:32:50.589] [INFO] express - [undefined] GET 200 56ms /libs/angular-material.min.js
[2017-10-22 10:32:50.607] [INFO] express - [undefined] GET 200 15ms /libs/Chart.min.js
[2017-10-22 10:32:50.634] [INFO] express - [undefined] GET 200 15ms /libs/angular-chart.min.js
[2017-10-22 10:32:50.642] [INFO] express - [undefined] GET 200 16ms /libs/moment.min.js
[2017-10-22 10:32:50.670] [INFO] express - [undefined] GET 200 18ms /libs/angular-moment.min.js
[2017-10-22 10:32:50.692] [INFO] express - [undefined] GET 200 16ms /libs/marked.min.js
[2017-10-22 10:32:50.693] [INFO] express - [undefined] GET 200 15ms /libs/angular-websocket.min.js
[2017-10-22 10:32:50.701] [INFO] express - [undefined] GET 200 14ms /libs/angular-marked.min.js
[2017-10-22 10:32:50.721] [INFO] express - [undefined] GET 200 19ms /libs/bundle.js
[2017-10-22 10:32:51.991] [INFO] express - [undefined] GET 200 12ms /public/views/home/home.html
[2017-10-22 10:32:52.240] [INFO] express - [undefined] GET 200 16ms /public/views/home/index.html
[2017-10-22 10:32:52.569] [INFO] express - [undefined] GET 200 14ms /libs/home.png
[2017-10-22 10:32:52.594] [INFO] express - [undefined] GET 200 29ms /libs/MaterialIcons-Regular.woff2
[2017-10-22 10:32:54.209] [INFO] express - [undefined] GET 200 19ms /public/views/home/signup.html
[2017-10-22 10:33:01.965] [INFO] express - [undefined] GET 200 84ms /public/views/dialog/alert.html
[2017-10-22 10:33:02.503] [INFO] express - [undefined] POST 200 624ms /api/home/code
[2017-10-22 10:33:21.821] [INFO] express - [undefined] POST 200 34ms /api/home/signup
[2017-10-22 10:33:23.476] [INFO] express - [undefined] GET 200 19ms /public/views/home/login.html
[2017-10-22 10:33:31.202] [INFO] express - [undefined] POST 200 24ms /api/home/login
[2017-10-22 10:33:32.058] [INFO] express - [undefined] GET 200 12ms /public/views/user/user.html
[2017-10-22 10:33:32.301] [INFO] express - [undefined] GET 200 12ms /public/views/user/index.html
[2017-10-22 10:33:32.578] [INFO] express - [undefined] GET 200 24ms /api/user/server
[2017-10-22 10:33:32.579] [INFO] express - [undefined] GET 200 24ms /api/user/notice
[2017-10-22 10:33:32.579] [INFO] express - [undefined] GET 200 29ms /api/user/account
[2017-10-22 10:33:33.902] [INFO] express - [undefined] GET 200 14ms /public/views/user/account.html
[2017-10-22 10:33:33.973] [INFO] express - [undefined] GET 200 29ms /api/user/multiServerFlow
[2017-10-22 10:33:33.980] [WARN] express - [undefined] GET 304 30ms /api/user/server
[2017-10-22 10:33:33.980] [WARN] express - [undefined] GET 304 33ms /api/user/account
[2017-10-22 10:33:34.218] [INFO] express - [undefined] GET 200 28ms /api/user/flow/1/50000/lastConnect
[2017-10-22 10:33:34.226] [INFO] express - [undefined] GET 200 36ms /api/user/flow/1/50000
[2017-10-22 10:33:53.543] [INFO] express - [undefined] GET 200 20ms /public/views/dialog/pay.html
[2017-10-22 10:33:53.544] [INFO] express - [undefined] GET 200 23ms /api/user/order/price
[2017-10-22 10:33:56.133] [ERROR] express - [undefined] POST 403 27ms /api/user/order/qrcode
[2017-10-22 10:34:33.978] [INFO] express - [undefined] GET 200 34ms /api/user/account/1
[2017-10-22 10:34:33.979] [WARN] express - [undefined] GET 304 31ms /api/user/flow/1/50000
[2017-10-22 10:34:33.984] [WARN] express - [undefined] GET 304 36ms /api/user/flow/1/50000/lastConnect
[2017-10-22 10:34:49.615] [WARN] express - [undefined] GET 304 16ms /api/user/notice
[2017-10-22 10:34:50.568] [WARN] express - [undefined] GET 304 21ms /api/user/multiServerFlow
[2017-10-22 10:34:50.577] [WARN] express - [undefined] GET 304 27ms /api/user/account
[2017-10-22 10:34:50.577] [WARN] express - [undefined] GET 304 21ms /api/user/server
[2017-10-22 10:34:50.745] [WARN] express - [undefined] GET 304 33ms /api/user/flow/1/50000/lastConnect
[2017-10-22 10:34:50.751] [WARN] express - [undefined] GET 304 36ms /api/user/flow/1/50000
[2017-10-22 10:35:04.489] [WARN] express - [undefined] GET 304 41ms /api/admin/server?status=true
[2017-10-22 10:35:04.762] [INFO] express - [undefined] GET 200 46ms /api/admin/flow/1?time=1508601600000&time=1508639736229
[2017-10-22 10:35:04.776] [INFO] express - [undefined] GET 200 39ms /api/admin/flow/1?time=1506787200000&time=1508639736229
[2017-10-22 10:35:04.819] [WARN] express - [undefined] GET 304 28ms /api/admin/flow/1?time=1508601600000&time=1508639736229
[2017-10-22 10:35:04.984] [INFO] express - [undefined] GET 200 48ms /api/admin/flow/1/lastHour
[2017-10-22 10:35:06.075] [INFO] express - [undefined] GET 200 103ms /api/admin/server/1
[2017-10-22 10:35:06.083] [WARN] express - [undefined] GET 304 95ms /api/admin/flow/1?time=1508601600000&type=day
[2017-10-22 10:35:06.092] [ERROR] express - [undefined] GET 403 73ms /api/admin/flow/1/user?time=1508601600000&type=day
[2017-10-22 10:35:06.510] [WARN] express - [undefined] GET 304 47ms /api/admin/flow/1?time=1508515200000&type=day
[2017-10-22 10:35:06.519] [ERROR] express - [undefined] GET 403 55ms /api/admin/flow/1/user?time=1508515200000&type=day
[2017-10-22 10:35:06.642] [ERROR] express - [undefined] GET 403 65ms /api/admin/flow/1/user?time=1508428800000&type=day
[2017-10-22 10:35:06.649] [WARN] express - [undefined] GET 304 69ms /api/admin/flow/1?time=1508428800000&type=day
[2017-10-22 10:35:06.731] [ERROR] express - [undefined] GET 403 52ms /api/admin/flow/1/user?time=1508342400000&type=day
[2017-10-22 10:35:06.740] [WARN] express - [undefined] GET 304 63ms /api/admin/flow/1?time=1508342400000&type=day
[2017-10-22 10:35:09.742] [INFO] express - [undefined] GET 200 14ms /public/views/admin/editServer.html
[2017-10-22 10:35:10.050] [INFO] express - [undefined] GET 200 18ms /api/admin/server/1?noPort=true
[2017-10-22 10:35:21.027] [ERROR] express - [undefined] PUT 403 126ms /api/admin/server/1
[2017-10-22 10:35:43.435] [INFO] express - [undefined] GET 200 23ms /admin/server/1
[2017-10-22 10:35:47.127] [INFO] express - [undefined] GET 200 19ms /libs/angular.min.js
[2017-10-22 10:35:50.578] [WARN] express - [undefined] GET 304 28ms /api/user/account/1
[2017-10-22 10:35:50.582] [WARN] express - [undefined] GET 304 30ms /api/user/flow/1/50000/lastConnect
[2017-10-22 10:35:50.587] [WARN] express - [undefined] GET 304 30ms /api/user/flow/1/50000
[2017-10-22 10:35:50.879] [INFO] express - [undefined] GET 200 10ms /admin/server
[2017-10-22 10:35:54.525] [INFO] express - [undefined] GET 200 13ms /libs/angular-inview.js
[2017-10-22 10:35:54.577] [INFO] express - [undefined] GET 200 15ms /libs/angular.min.js
[2017-10-22 10:35:58.007] [INFO] express - [undefined] GET 200 13ms /libs/angular-animate.min.js
[2017-10-22 10:36:42.793] [INFO] express - [undefined] GET 200 65ms /user/account
[2017-10-22 10:36:43.083] [WARN] express - [undefined] GET 304 19ms /libs/style.css
[2017-10-22 10:36:43.105] [WARN] express - [undefined] GET 304 20ms /libs/angular-material.min.css
[2017-10-22 10:36:43.114] [WARN] express - [undefined] GET 304 26ms /libs/angular.min.js
[2017-10-22 10:36:43.114] [WARN] express - [undefined] GET 304 21ms /libs/angular-inview.js
[2017-10-22 10:36:43.115] [WARN] express - [undefined] GET 304 18ms /libs/angular-animate.min.js
[2017-10-22 10:36:43.120] [WARN] express - [undefined] GET 304 21ms /libs/angular-aria.min.js
[2017-10-22 10:36:43.125] [WARN] express - [undefined] GET 304 16ms /libs/angular-messages.min.js
[2017-10-22 10:36:43.138] [WARN] express - [undefined] GET 304 11ms /libs/angular-material.min.js
[2017-10-22 10:36:43.176] [INFO] express - [undefined] GET 200 29ms /libs/angular-moment.min.js
[2017-10-22 10:36:43.184] [INFO] express - [undefined] GET 200 37ms /libs/angular-chart.min.js
[2017-10-22 10:36:43.188] [WARN] express - [undefined] GET 304 33ms /libs/angular-ui-router.min.js
[2017-10-22 10:36:43.197] [WARN] express - [undefined] GET 304 35ms /libs/angular-translate.min.js
[2017-10-22 10:36:43.200] [WARN] express - [undefined] GET 304 32ms /libs/qrcode.min.js
[2017-10-22 10:36:43.201] [WARN] express - [undefined] GET 304 20ms /libs/Chart.min.js
[2017-10-22 10:36:43.201] [WARN] express - [undefined] GET 304 23ms /libs/ngStorage.min.js
[2017-10-22 10:36:43.202] [WARN] express - [undefined] GET 304 23ms /libs/angular-qr.min.js
[2017-10-22 10:36:43.223] [WARN] express - [undefined] GET 304 14ms /libs/angular-chart.min.js
[2017-10-22 10:36:43.266] [WARN] express - [undefined] GET 304 32ms /libs/angular-moment.min.js
[2017-10-22 10:36:43.273] [WARN] express - [undefined] GET 304 35ms /libs/marked.min.js
[2017-10-22 10:36:43.273] [WARN] express - [undefined] GET 304 43ms /libs/moment.min.js
[2017-10-22 10:36:43.274] [WARN] express - [undefined] GET 304 37ms /libs/angular-websocket.min.js
[2017-10-22 10:36:43.274] [WARN] express - [undefined] GET 304 34ms /libs/angular-marked.min.js
[2017-10-22 10:36:43.284] [WARN] express - [undefined] GET 304 28ms /libs/bundle.js
[2017-10-22 10:36:43.735] [WARN] express - [undefined] GET 304 12ms /public/views/user/user.html
[2017-10-22 10:36:43.771] [WARN] express - [undefined] GET 304 11ms /public/views/user/account.html
[2017-10-22 10:36:43.874] [WARN] express - [undefined] GET 304 35ms /api/user/multiServerFlow
[2017-10-22 10:36:43.878] [WARN] express - [undefined] GET 304 36ms /api/user/server
[2017-10-22 10:36:43.879] [WARN] express - [undefined] GET 304 37ms /api/user/account
[2017-10-22 10:36:44.181] [WARN] express - [undefined] GET 304 47ms /api/user/flow/1/50000
[2017-10-22 10:36:44.187] [WARN] express - [undefined] GET 304 54ms /api/user/flow/1/50000/lastConnect
[2017-10-22 10:36:44.192] [WARN] express - [undefined] GET 304 23ms /libs/MaterialIcons-Regular.woff2
[2017-10-22 10:36:46.971] [INFO] express - [undefined] GET 200 12ms /libs/angular-websocket.min.js
[2017-10-22 10:36:46.979] [INFO] express - [undefined] GET 200 23ms /libs/moment.min.js
[2017-10-22 10:36:47.611] [INFO] express - [undefined] GET 200 17ms /public/views/dialog/changePassword.html
[2017-10-22 10:36:50.746] [INFO] express - [undefined] GET 200 11ms /libs/marked.min.js
[2017-10-22 10:36:51.121] [WARN] express - [undefined] GET 304 27ms /api/user/server
[2017-10-22 10:36:51.125] [WARN] express - [undefined] GET 304 32ms /api/user/account
[2017-10-22 10:36:52.770] [INFO] express - [undefined] GET 200 18ms /libs/angular-moment.min.js
[2017-10-22 10:36:53.956] [INFO] express - [undefined] GET 200 24ms /admin/server/1/edit
[2017-10-22 10:36:54.278] [WARN] express - [undefined] GET 304 18ms /libs/style.css
[2017-10-22 10:36:54.307] [WARN] express - [undefined] GET 304 43ms /libs/angular-material.min.css
[2017-10-22 10:36:54.335] [WARN] express - [undefined] GET 304 65ms /libs/angular.min.js
[2017-10-22 10:36:54.341] [WARN] express - [undefined] GET 304 59ms /libs/angular-inview.js
[2017-10-22 10:36:54.347] [WARN] express - [undefined] GET 304 37ms /libs/angular-messages.min.js
[2017-10-22 10:36:54.348] [WARN] express - [undefined] GET 304 62ms /libs/angular-animate.min.js
[2017-10-22 10:36:54.350] [WARN] express - [undefined] GET 304 41ms /libs/angular-aria.min.js
[2017-10-22 10:36:54.351] [WARN] express - [undefined] GET 304 16ms /libs/angular-material.min.js
[2017-10-22 10:36:54.382] [WARN] express - [undefined] GET 304 15ms /libs/angular-ui-router.min.js
[2017-10-22 10:36:54.391] [WARN] express - [undefined] GET 304 14ms /libs/angular-translate.min.js
[2017-10-22 10:36:54.398] [WARN] express - [undefined] GET 304 20ms /libs/qrcode.min.js
[2017-10-22 10:36:54.408] [WARN] express - [undefined] GET 304 24ms /libs/angular-qr.min.js
[2017-10-22 10:36:54.426] [WARN] express - [undefined] GET 304 18ms /libs/ngStorage.min.js
[2017-10-22 10:36:54.430] [WARN] express - [undefined] GET 304 19ms /libs/Chart.min.js
[2017-10-22 10:36:54.435] [WARN] express - [undefined] GET 304 20ms /libs/angular-chart.min.js
[2017-10-22 10:36:54.467] [WARN] express - [undefined] GET 304 12ms /libs/moment.min.js
[2017-10-22 10:36:54.476] [WARN] express - [undefined] GET 304 13ms /libs/angular-moment.min.js
[2017-10-22 10:36:54.492] [WARN] express - [undefined] GET 304 16ms /libs/angular-websocket.min.js
[2017-10-22 10:36:54.506] [WARN] express - [undefined] GET 304 19ms /libs/bundle.js
[2017-10-22 10:36:54.507] [WARN] express - [undefined] GET 304 18ms /libs/angular-marked.min.js
[2017-10-22 10:36:54.509] [WARN] express - [undefined] GET 304 22ms /libs/marked.min.js
[2017-10-22 10:36:54.643] [INFO] express - [undefined] GET 200 10ms /libs/angular-marked.min.js
[2017-10-22 10:36:55.418] [WARN] express - [undefined] GET 304 12ms /public/views/admin/admin.html
[2017-10-22 10:36:55.525] [WARN] express - [undefined] GET 304 10ms /public/views/admin/editServer.html
[2017-10-22 10:36:55.680] [WARN] express - [undefined] GET 304 13ms /api/admin/server/1?noPort=true
[2017-10-22 10:36:55.999] [WARN] express - [undefined] GET 304 14ms /libs/MaterialIcons-Regular.woff2
[2017-10-22 10:36:56.197] [INFO] express - [undefined] GET 200 12ms /libs/favicon.png
[2017-10-22 10:36:56.509] [INFO] express - [undefined] GET 200 9ms /libs/angular-websocket.min.js
[2017-10-22 10:37:00.270] [INFO] express - [undefined] GET 200 14ms /libs/marked.min.js
[2017-10-22 10:37:02.395] [INFO] express - [undefined] GET 200 17ms /libs/bundle.js
[2017-10-22 10:37:04.168] [INFO] express - [undefined] GET 200 12ms /libs/angular-marked.min.js
[2017-10-22 10:37:04.353] [INFO] express - [undefined] GET 200 23ms /admin/server/1/edit
[2017-10-22 10:37:04.514] [INFO] express - [undefined] GET 200 22ms /libs/angular.min.js
[2017-10-22 10:37:04.722] [INFO] express - [undefined] GET 200 11ms /libs/angular-inview.js
[2017-10-22 10:37:04.872] [INFO] express - [undefined] GET 200 12ms /libs/angular-animate.min.js
[2017-10-22 10:37:05.110] [INFO] express - [undefined] GET 200 10ms /libs/angular-aria.min.js
[2017-10-22 10:37:05.465] [INFO] express - [undefined] GET 200 13ms /libs/angular-messages.min.js
[2017-10-22 10:37:05.690] [INFO] express - [undefined] GET 200 36ms /libs/angular-material.min.js
[2017-10-22 10:37:05.901] [INFO] express - [undefined] GET 200 19ms /libs/angular-ui-router.min.js
[2017-10-22 10:37:06.022] [INFO] express - [undefined] GET 200 14ms /libs/angular-translate.min.js
[2017-10-22 10:37:06.324] [INFO] express - [undefined] GET 200 16ms /libs/qrcode.min.js
[2017-10-22 10:37:06.471] [INFO] express - [undefined] GET 200 12ms /libs/angular-qr.min.js
[2017-10-22 10:37:06.607] [INFO] express - [undefined] GET 200 10ms /libs/ngStorage.min.js
[2017-10-22 10:37:06.767] [INFO] express - [undefined] GET 200 15ms /libs/Chart.min.js
[2017-10-22 10:37:06.945] [INFO] express - [undefined] GET 200 12ms /libs/angular-chart.min.js
[2017-10-22 10:37:07.087] [INFO] express - [undefined] GET 200 14ms /libs/moment.min.js
[2017-10-22 10:37:07.295] [INFO] express - [undefined] GET 200 22ms /libs/angular-moment.min.js
[2017-10-22 10:37:07.501] [INFO] express - [undefined] GET 200 48ms /libs/angular-websocket.min.js
[2017-10-22 10:37:07.510] [WARN] express - [undefined] GET 304 22ms /public/views/dialog/alert.html
[2017-10-22 10:37:07.641] [INFO] express - [undefined] GET 200 12ms /libs/marked.min.js
[2017-10-22 10:37:07.664] [INFO] express - [undefined] PUT 200 206ms /api/admin/server/1
[2017-10-22 10:37:07.758] [INFO] express - [undefined] GET 200 9ms /libs/angular-marked.min.js
[2017-10-22 10:37:07.917] [WARN] express - [undefined] GET 304 20ms /public/views/admin/serverPage.html
[2017-10-22 10:37:08.201] [INFO] express - [undefined] GET 200 214ms /libs/bundle.js
[2017-10-22 10:37:08.331] [INFO] express - [undefined] GET 200 331ms /api/admin/server/1
[2017-10-22 10:37:08.339] [ERROR] express - [undefined] GET 403 331ms /api/admin/flow/1/user?time=1508601600000&type=day
[2017-10-22 10:37:08.342] [WARN] express - [undefined] GET 304 340ms /api/admin/flow/1?time=1508601600000&type=day
[2017-10-22 10:37:08.555] [ERROR] express - [undefined] GET 403 74ms /api/admin/flow/1/user?time=1508515200000&type=day
[2017-10-22 10:37:08.560] [WARN] express - [undefined] GET 304 79ms /api/admin/flow/1?time=1508515200000&type=day
[2017-10-22 10:37:08.705] [WARN] express - [undefined] GET 304 91ms /api/admin/flow/1?time=1508428800000&type=day
[2017-10-22 10:37:08.714] [ERROR] express - [undefined] GET 403 82ms /api/admin/flow/1/user?time=1508428800000&type=day
[2017-10-22 10:37:08.745] [ERROR] express - [undefined] GET 403 67ms /api/admin/flow/1/user?time=1508342400000&type=day
[2017-10-22 10:37:08.752] [WARN] express - [undefined] GET 304 75ms /api/admin/flow/1?time=1508342400000&type=day
[2017-10-22 10:37:11.666] [INFO] express - [undefined] GET 200 22ms /libs/bundle.js
[2017-10-22 10:37:12.229] [WARN] express - [undefined] GET 304 17ms /user/account
[2017-10-22 10:37:12.302] [WARN] express - [undefined] GET 304 17ms /libs/angular.min.js
[2017-10-22 10:37:12.303] [WARN] express - [undefined] GET 304 18ms /libs/angular-animate.min.js
[2017-10-22 10:37:12.303] [WARN] express - [undefined] GET 304 16ms /libs/angular-inview.js
[2017-10-22 10:37:12.307] [WARN] express - [undefined] GET 304 22ms /libs/angular-material.min.css
[2017-10-22 10:37:12.308] [WARN] express - [undefined] GET 304 27ms /libs/style.css
[2017-10-22 10:37:12.314] [WARN] express - [undefined] GET 304 27ms /libs/angular-aria.min.js
[2017-10-22 10:37:12.331] [WARN] express - [undefined] GET 304 12ms /libs/angular-messages.min.js
[2017-10-22 10:37:12.335] [WARN] express - [undefined] GET 304 13ms /libs/angular-ui-router.min.js
[2017-10-22 10:37:12.336] [WARN] express - [undefined] GET 304 11ms /libs/angular-translate.min.js
[2017-10-22 10:37:12.338] [WARN] express - [undefined] GET 304 16ms /libs/angular-material.min.js
[2017-10-22 10:37:12.342] [WARN] express - [undefined] GET 304 15ms /libs/qrcode.min.js
[2017-10-22 10:37:12.348] [WARN] express - [undefined] GET 304 16ms /libs/angular-qr.min.js
[2017-10-22 10:37:12.357] [WARN] express - [undefined] GET 304 12ms /libs/ngStorage.min.js
[2017-10-22 10:37:12.365] [WARN] express - [undefined] GET 304 10ms /libs/moment.min.js
[2017-10-22 10:37:12.368] [WARN] express - [undefined] GET 304 17ms /libs/Chart.min.js
[2017-10-22 10:37:12.389] [WARN] express - [undefined] GET 304 35ms /libs/angular-chart.min.js
[2017-10-22 10:37:12.389] [WARN] express - [undefined] GET 304 29ms /libs/angular-moment.min.js
[2017-10-22 10:37:12.389] [WARN] express - [undefined] GET 304 24ms /libs/angular-websocket.min.js
[2017-10-22 10:37:12.397] [WARN] express - [undefined] GET 304 24ms /libs/marked.min.js
[2017-10-22 10:37:12.405] [WARN] express - [undefined] GET 304 24ms /libs/angular-marked.min.js
[2017-10-22 10:37:12.406] [WARN] express - [undefined] GET 304 16ms /libs/bundle.js
[2017-10-22 10:37:12.811] [WARN] express - [undefined] GET 304 12ms /public/views/user/user.html
[2017-10-22 10:37:12.866] [WARN] express - [undefined] GET 304 13ms /public/views/user/account.html
[2017-10-22 10:37:12.952] [WARN] express - [undefined] GET 304 24ms /api/user/multiServerFlow
[2017-10-22 10:37:12.958] [INFO] express - [undefined] GET 200 25ms /api/user/server
[2017-10-22 10:37:12.960] [WARN] express - [undefined] GET 304 28ms /api/user/account
[2017-10-22 10:37:13.235] [WARN] express - [undefined] GET 304 37ms /api/user/flow/1/50000/lastConnect
[2017-10-22 10:37:13.237] [WARN] express - [undefined] GET 304 23ms /libs/MaterialIcons-Regular.woff2
[2017-10-22 10:37:13.238] [WARN] express - [undefined] GET 304 37ms /api/user/flow/1/50000
[2017-10-22 10:38:12.974] [WARN] express - [undefined] GET 304 41ms /api/user/account/1
[2017-10-22 10:38:12.978] [WARN] express - [undefined] GET 304 42ms /api/user/flow/1/50000/lastConnect
[2017-10-22 10:38:12.982] [WARN] express - [undefined] GET 304 41ms /api/user/flow/1/50000
[2017-10-22 10:40:13.040] [WARN] express - [undefined] GET 304 73ms /api/user/account/1
[2017-10-22 10:40:13.050] [WARN] express - [undefined] GET 304 76ms /api/user/flow/1/50000/lastConnect
[2017-10-22 10:40:13.061] [WARN] express - [undefined] GET 304 84ms /api/user/flow/1/50000
[2017-10-22 10:40:24.147] [WARN] express - [undefined] GET 304 23ms /user/account
[2017-10-22 10:40:24.207] [WARN] express - [undefined] GET 304 18ms /libs/style.css
[2017-10-22 10:40:24.218] [WARN] express - [undefined] GET 304 15ms /libs/angular-material.min.css
[2017-10-22 10:40:24.222] [WARN] express - [undefined] GET 304 14ms /libs/angular.min.js
[2017-10-22 10:40:24.240] [WARN] express - [undefined] GET 304 9ms /libs/angular-inview.js
[2017-10-22 10:40:24.260] [WARN] express - [undefined] GET 304 18ms /libs/angular-animate.min.js
[2017-10-22 10:40:24.261] [WARN] express - [undefined] GET 304 19ms /libs/angular-aria.min.js
[2017-10-22 10:40:24.268] [WARN] express - [undefined] GET 304 17ms /libs/angular-messages.min.js
[2017-10-22 10:40:24.319] [WARN] express - [undefined] GET 304 41ms /libs/angular-material.min.js
[2017-10-22 10:40:24.321] [WARN] express - [undefined] GET 304 31ms /libs/qrcode.min.js
[2017-10-22 10:40:24.323] [WARN] express - [undefined] GET 304 42ms /libs/angular-ui-router.min.js
[2017-10-22 10:40:24.324] [WARN] express - [undefined] GET 304 26ms /libs/angular-qr.min.js
[2017-10-22 10:40:24.326] [WARN] express - [undefined] GET 304 30ms /libs/ngStorage.min.js
[2017-10-22 10:40:24.327] [WARN] express - [undefined] GET 304 36ms /libs/angular-translate.min.js
[2017-10-22 10:40:24.350] [WARN] express - [undefined] GET 304 12ms /libs/Chart.min.js
[2017-10-22 10:40:24.364] [WARN] express - [undefined] GET 304 17ms /libs/angular-chart.min.js
[2017-10-22 10:40:24.374] [WARN] express - [undefined] GET 304 23ms /libs/angular-websocket.min.js
[2017-10-22 10:40:24.375] [WARN] express - [undefined] GET 304 23ms /libs/angular-moment.min.js
[2017-10-22 10:40:24.377] [WARN] express - [undefined] GET 304 25ms /libs/moment.min.js
[2017-10-22 10:40:24.379] [WARN] express - [undefined] GET 304 23ms /libs/marked.min.js
[2017-10-22 10:40:24.384] [WARN] express - [undefined] GET 304 15ms /libs/angular-marked.min.js
[2017-10-22 10:40:24.398] [WARN] express - [undefined] GET 304 12ms /libs/bundle.js
[2017-10-22 10:40:24.808] [WARN] express - [undefined] GET 304 16ms /public/views/user/user.html
[2017-10-22 10:40:24.842] [WARN] express - [undefined] GET 304 10ms /public/views/user/account.html
[2017-10-22 10:40:24.938] [WARN] express - [undefined] GET 304 36ms /api/user/multiServerFlow
[2017-10-22 10:40:24.940] [WARN] express - [undefined] GET 304 33ms /api/user/server
[2017-10-22 10:40:24.944] [WARN] express - [undefined] GET 304 38ms /api/user/account
[2017-10-22 10:40:25.231] [WARN] express - [undefined] GET 304 69ms /api/user/flow/1/50000/lastConnect
[2017-10-22 10:40:25.233] [WARN] express - [undefined] GET 304 51ms /libs/MaterialIcons-Regular.woff2
[2017-10-22 10:40:25.237] [WARN] express - [undefined] GET 304 71ms /api/user/flow/1/50000
[2017-10-22 10:44:15.459] [WARN] express - [undefined] GET 304 85ms /api/user/flow/1/50000/lastConnect
[2017-10-22 10:44:15.461] [WARN] express - [undefined] GET 304 78ms /api/user/flow/1/50000
[2017-10-22 10:44:15.923] [WARN] express - [undefined] GET 304 29ms /user/account
[2017-10-22 10:44:15.993] [WARN] express - [undefined] GET 304 19ms /libs/style.css
[2017-10-22 10:44:15.998] [WARN] express - [undefined] GET 304 17ms /libs/angular-material.min.css
[2017-10-22 10:44:16.013] [WARN] express - [undefined] GET 304 20ms /libs/angular.min.js
[2017-10-22 10:44:16.015] [WARN] express - [undefined] GET 304 16ms /libs/angular-inview.js
[2017-10-22 10:44:16.036] [WARN] express - [undefined] GET 304 25ms /libs/angular-animate.min.js
[2017-10-22 10:44:16.042] [WARN] express - [undefined] GET 304 36ms /libs/angular-aria.min.js
[2017-10-22 10:44:16.091] [WARN] express - [undefined] GET 304 73ms /libs/angular-messages.min.js
[2017-10-22 10:44:16.092] [WARN] express - [undefined] GET 304 70ms /libs/angular-material.min.js
[2017-10-22 10:44:16.108] [WARN] express - [undefined] GET 304 64ms /libs/angular-translate.min.js
[2017-10-22 10:44:16.113] [WARN] express - [undefined] GET 304 69ms /libs/angular-ui-router.min.js
[2017-10-22 10:44:16.122] [WARN] express - [undefined] GET 304 58ms /libs/qrcode.min.js
[2017-10-22 10:44:16.123] [WARN] express - [undefined] GET 304 28ms /libs/angular-qr.min.js
[2017-10-22 10:44:16.126] [WARN] express - [undefined] GET 304 17ms /libs/ngStorage.min.js
[2017-10-22 10:44:16.131] [WARN] express - [undefined] GET 304 21ms /libs/Chart.min.js
[2017-10-22 10:44:16.144] [WARN] express - [undefined] GET 304 11ms /libs/angular-chart.min.js
[2017-10-22 10:44:16.170] [WARN] express - [undefined] GET 304 32ms /libs/moment.min.js
[2017-10-22 10:44:16.173] [WARN] express - [undefined] GET 304 24ms /libs/angular-moment.min.js
[2017-10-22 10:44:16.176] [WARN] express - [undefined] GET 304 18ms /libs/marked.min.js
[2017-10-22 10:44:16.178] [WARN] express - [undefined] GET 304 21ms /libs/angular-websocket.min.js
[2017-10-22 10:44:16.184] [WARN] express - [undefined] GET 304 19ms /libs/bundle.js
[2017-10-22 10:44:16.186] [WARN] express - [undefined] GET 304 30ms /libs/angular-marked.min.js
[2017-10-22 10:44:16.581] [WARN] express - [undefined] GET 304 12ms /public/views/user/user.html
[2017-10-22 10:44:16.614] [WARN] express - [undefined] GET 304 11ms /public/views/user/account.html
[2017-10-22 10:44:16.719] [WARN] express - [undefined] GET 304 39ms /api/user/account
[2017-10-22 10:44:16.720] [WARN] express - [undefined] GET 304 40ms /api/user/multiServerFlow
[2017-10-22 10:44:16.720] [WARN] express - [undefined] GET 304 37ms /api/user/server
[2017-10-22 10:44:16.990] [WARN] express - [undefined] GET 304 42ms /api/user/flow/1/50000/lastConnect
[2017-10-22 10:44:17.004] [WARN] express - [undefined] GET 304 25ms /libs/MaterialIcons-Regular.woff2
[2017-10-22 10:44:17.008] [WARN] express - [undefined] GET 304 58ms /api/user/flow/1/50000
[2017-10-22 10:45:07.920] [INFO] express - [undefined] POST 200 55ms /api/home/logout
[2017-10-22 10:45:08.149] [WARN] express - [undefined] GET 304 18ms /public/views/home/home.html
[2017-10-22 10:45:08.238] [WARN] express - [undefined] GET 304 12ms /public/views/home/index.html
[2017-10-22 10:45:08.291] [WARN] express - [undefined] GET 304 12ms /libs/home.png
[2017-10-22 10:45:11.770] [WARN] express - [undefined] GET 304 15ms /public/views/admin/user.html
[2017-10-22 10:45:11.973] [ERROR] express - [undefined] GET 403 33ms /api/admin/user?page=1&pageSize=80&sort=id_asc
[2017-10-22 10:45:17.034] [ERROR] express - [undefined] GET 403 24ms /api/admin/user?page=1&pageSize=80&sort=id_asc
[2017-10-22 10:45:22.092] [ERROR] express - [undefined] GET 403 22ms /api/admin/user?page=1&pageSize=80&sort=id_asc
[2017-10-22 10:45:27.152] [ERROR] express - [undefined] GET 403 21ms /api/admin/user?page=1&pageSize=80&sort=id_asc
[2017-10-22 10:45:32.840] [ERROR] express - [undefined] GET 403 18ms /api/admin/user?page=1&pageSize=80&sort=id_asc
[2017-10-22 10:45:38.847] [ERROR] express - [undefined] GET 403 28ms /api/admin/user?page=1&pageSize=80&sort=id_asc
[2017-10-22 10:45:44.852] [ERROR] express - [undefined] GET 403 21ms /api/admin/user?page=1&pageSize=80&sort=id_asc
[2017-10-22 10:45:50.855] [ERROR] express - [undefined] GET 403 28ms /api/admin/user?page=1&pageSize=80&sort=id_asc
[2017-10-22 10:45:56.841] [ERROR] express - [undefined] GET 403 17ms /api/admin/user?page=1&pageSize=80&sort=id_asc
[2017-10-22 10:46:02.846] [ERROR] express - [undefined] GET 403 21ms /api/admin/user?page=1&pageSize=80&sort=id_asc
[2017-10-22 10:46:08.847] [ERROR] express - [undefined] GET 403 18ms /api/admin/user?page=1&pageSize=80&sort=id_asc
[2017-10-22 10:46:14.846] [ERROR] express - [undefined] GET 403 24ms /api/admin/user?page=1&pageSize=80&sort=id_asc
[2017-10-22 10:46:20.840] [ERROR] express - [undefined] GET 403 22ms /api/admin/user?page=1&pageSize=80&sort=id_asc
[2017-10-22 10:46:26.846] [ERROR] express - [undefined] GET 403 20ms /api/admin/user?page=1&pageSize=80&sort=id_asc
[2017-10-22 10:46:32.836] [ERROR] express - [undefined] GET 403 17ms /api/admin/user?page=1&pageSize=80&sort=id_asc
[2017-10-22 10:46:38.845] [ERROR] express - [undefined] GET 403 25ms /api/admin/user?page=1&pageSize=80&sort=id_asc
[2017-10-22 10:46:42.531] [WARN] express - [undefined] GET 304 12ms /public/views/admin/account.html
[2017-10-22 10:46:42.587] [INFO] express - [undefined] GET 200 16ms /api/admin/account
[2017-10-22 10:46:43.896] [ERROR] express - [undefined] GET 403 17ms /api/admin/user?page=1&pageSize=80&sort=id_asc
[2017-10-22 10:46:44.280] [INFO] express - [undefined] GET 200 26ms /public/views/admin/accountPage.html
[2017-10-22 10:46:44.436] [INFO] express - [undefined] GET 200 15ms /api/admin/account/1
[2017-10-22 10:46:44.466] [INFO] express - [undefined] GET 200 11ms /api/admin/server
[2017-10-22 10:46:44.470] [INFO] express - [undefined] GET 200 11ms /api/admin/setting/account
[2017-10-22 10:46:44.888] [INFO] express - [undefined] GET 200 154ms /api/admin/flow/1/50000/lastConnect
[2017-10-22 10:46:44.889] [INFO] express - [undefined] GET 200 153ms /api/admin/flow/1?port=50000&time=1508554035885&type=day
[2017-10-22 10:46:44.891] [INFO] express - [undefined] GET 200 164ms /api/admin/flow/1/50000
[2017-10-22 10:46:44.893] [INFO] express - [undefined] GET 200 102ms /api/admin/flow/account/1?port=50000&time=1508554035885&type=day
[2017-10-22 10:46:44.894] [INFO] express - [undefined] GET 200 102ms /api/admin/flow/account/1?port=50000&time=1508467635885&type=day
[2017-10-22 10:46:44.896] [INFO] express - [undefined] GET 200 105ms /api/admin/flow/1?port=50000&time=1508467635885&type=day
[2017-10-22 10:46:45.212] [INFO] express - [undefined] GET 200 137ms /api/admin/flow/1?port=50000&time=1508381235885&type=day
[2017-10-22 10:46:45.217] [INFO] express - [undefined] GET 200 124ms /api/admin/flow/account/1?port=50000&time=1508381235885&type=day
[2017-10-22 10:46:45.217] [INFO] express - [undefined] GET 200 123ms /api/admin/flow/1?port=50000&time=1508640435885&type=day
[2017-10-22 10:46:45.221] [INFO] express - [undefined] GET 200 66ms /api/admin/flow/account/1?port=50000&time=1508640435885&type=day
[2017-10-22 10:46:47.330] [INFO] express - [undefined] GET 200 14ms /public/views/admin/editAccount.html
[2017-10-22 10:46:47.620] [WARN] express - [undefined] GET 304 10ms /api/admin/server
[2017-10-22 10:46:47.722] [WARN] express - [undefined] GET 304 14ms /api/admin/account/1
[2017-10-22 10:46:56.096] [INFO] express - [undefined] PUT 200 60ms /api/admin/account/1/data
[2017-10-22 10:46:56.367] [WARN] express - [undefined] GET 304 14ms /api/admin/server
[2017-10-22 10:46:56.369] [INFO] express - [undefined] GET 200 20ms /api/admin/account/1
[2017-10-22 10:46:56.378] [WARN] express - [undefined] GET 304 23ms /api/admin/setting/account
[2017-10-22 10:46:56.708] [INFO] express - [undefined] GET 200 91ms /api/admin/flow/1/50002
[2017-10-22 10:46:56.720] [INFO] express - [undefined] GET 200 89ms /api/admin/flow/account/1?port=50002&time=1508554047879&type=day
[2017-10-22 10:46:56.731] [INFO] express - [undefined] GET 200 106ms /api/admin/flow/1/50002/lastConnect
[2017-10-22 10:46:56.736] [INFO] express - [undefined] GET 200 112ms /api/admin/flow/1?port=50002&time=1508554047879&type=day
[2017-10-22 10:46:56.737] [INFO] express - [undefined] GET 200 88ms /api/admin/flow/1?port=50002&time=1508467647879&type=day
[2017-10-22 10:46:56.737] [INFO] express - [undefined] GET 200 88ms /api/admin/flow/account/1?port=50002&time=1508467647879&type=day
[2017-10-22 10:46:56.974] [INFO] express - [undefined] GET 200 85ms /api/admin/flow/1?port=50002&time=1508381247879&type=day
[2017-10-22 10:46:56.984] [INFO] express - [undefined] GET 200 66ms /api/admin/flow/account/1?port=50002&time=1508381247879&type=day
[2017-10-22 10:46:57.010] [INFO] express - [undefined] GET 200 67ms /api/admin/flow/account/1?port=50002&time=1508640447879&type=day
[2017-10-22 10:46:57.017] [INFO] express - [undefined] GET 200 79ms /api/admin/flow/1?port=50002&time=1508640447879&type=day
[2017-10-22 10:47:15.109] [INFO] express - [undefined] GET 200 15ms /admin/account/1/edit
[2017-10-22 10:47:15.281] [INFO] express - [undefined] GET 200 20ms /libs/angular.min.js
[2017-10-22 10:47:15.477] [INFO] express - [undefined] GET 200 11ms /libs/angular-inview.js
[2017-10-22 10:47:15.639] [INFO] express - [undefined] GET 200 12ms /libs/angular-animate.min.js
[2017-10-22 10:47:15.792] [INFO] express - [undefined] GET 200 9ms /libs/angular-aria.min.js
[2017-10-22 10:47:15.936] [INFO] express - [undefined] GET 200 18ms /libs/angular-messages.min.js
[2017-10-22 10:47:16.117] [INFO] express - [undefined] GET 200 38ms /libs/angular-material.min.js
[2017-10-22 10:47:16.695] [INFO] express - [undefined] GET 200 12ms /libs/angular-ui-router.min.js
[2017-10-22 10:47:16.880] [INFO] express - [undefined] GET 200 10ms /libs/angular-translate.min.js
[2017-10-22 10:47:17.137] [INFO] express - [undefined] GET 200 12ms /libs/qrcode.min.js
[2017-10-22 10:47:17.364] [INFO] express - [undefined] GET 200 10ms /libs/angular-qr.min.js
[2017-10-22 10:47:17.549] [INFO] express - [undefined] GET 200 12ms /libs/ngStorage.min.js
[2017-10-22 10:47:17.706] [INFO] express - [undefined] GET 200 15ms /libs/Chart.min.js
[2017-10-22 10:47:17.890] [INFO] express - [undefined] GET 200 14ms /libs/angular-chart.min.js
[2017-10-22 10:47:18.088] [INFO] express - [undefined] GET 200 13ms /libs/moment.min.js
[2017-10-22 10:47:18.293] [INFO] express - [undefined] GET 200 12ms /libs/angular-moment.min.js
[2017-10-22 10:47:18.466] [INFO] express - [undefined] GET 200 15ms /libs/angular-websocket.min.js
[2017-10-22 10:47:18.651] [INFO] express - [undefined] GET 200 11ms /libs/marked.min.js
[2017-10-22 10:47:18.860] [INFO] express - [undefined] GET 200 12ms /libs/angular-marked.min.js
[2017-10-22 10:47:19.143] [INFO] express - [undefined] GET 200 14ms /libs/bundle.js
[2017-10-22 10:47:31.204] [INFO] express - [undefined] GET 200 15ms /admin/account/1
[2017-10-22 10:47:31.531] [WARN] express - [undefined] GET 304 14ms /libs/angular-material.min.css
[2017-10-22 10:47:31.532] [WARN] express - [undefined] GET 304 12ms /libs/angular-animate.min.js
[2017-10-22 10:47:31.533] [WARN] express - [undefined] GET 304 12ms /libs/angular.min.js
[2017-10-22 10:47:31.533] [WARN] express - [undefined] GET 304 19ms /libs/style.css
[2017-10-22 10:47:31.533] [WARN] express - [undefined] GET 304 13ms /libs/angular-aria.min.js
[2017-10-22 10:47:31.537] [WARN] express - [undefined] GET 304 17ms /libs/angular-inview.js
[2017-10-22 10:47:31.569] [WARN] express - [undefined] GET 304 12ms /libs/angular-messages.min.js
[2017-10-22 10:47:31.571] [WARN] express - [undefined] GET 304 15ms /libs/angular-ui-router.min.js
[2017-10-22 10:47:31.572] [WARN] express - [undefined] GET 304 16ms /libs/angular-material.min.js
[2017-10-22 10:47:31.576] [WARN] express - [undefined] GET 304 16ms /libs/qrcode.min.js
[2017-10-22 10:47:31.578] [WARN] express - [undefined] GET 304 17ms /libs/angular-translate.min.js
[2017-10-22 10:47:31.582] [WARN] express - [undefined] GET 304 15ms /libs/angular-qr.min.js
[2017-10-22 10:47:31.606] [WARN] express - [undefined] GET 304 13ms /libs/angular-chart.min.js
[2017-10-22 10:47:31.611] [WARN] express - [undefined] GET 304 18ms /libs/Chart.min.js
[2017-10-22 10:47:31.612] [WARN] express - [undefined] GET 304 19ms /libs/ngStorage.min.js
[2017-10-22 10:47:31.618] [WARN] express - [undefined] GET 304 14ms /libs/angular-moment.min.js
[2017-10-22 10:47:31.622] [WARN] express - [undefined] GET 304 19ms /libs/moment.min.js
[2017-10-22 10:47:31.622] [WARN] express - [undefined] GET 304 16ms /libs/angular-websocket.min.js
[2017-10-22 10:47:31.640] [WARN] express - [undefined] GET 304 16ms /libs/marked.min.js
[2017-10-22 10:47:31.646] [WARN] express - [undefined] GET 304 19ms /libs/angular-marked.min.js
[2017-10-22 10:47:31.646] [WARN] express - [undefined] GET 304 16ms /libs/bundle.js
[2017-10-22 10:47:33.339] [WARN] express - [undefined] GET 304 9ms /public/views/admin/admin.html
[2017-10-22 10:47:33.426] [WARN] express - [undefined] GET 304 11ms /public/views/admin/accountPage.html
[2017-10-22 10:47:33.574] [WARN] express - [undefined] GET 304 32ms /api/admin/account/1
[2017-10-22 10:47:33.577] [WARN] express - [undefined] GET 304 32ms /api/admin/setting/account
[2017-10-22 10:47:33.577] [WARN] express - [undefined] GET 304 34ms /api/admin/server
[2017-10-22 10:47:33.791] [WARN] express - [undefined] GET 304 107ms /api/admin/flow/1/50002/lastConnect
[2017-10-22 10:47:33.799] [WARN] express - [undefined] GET 304 116ms /api/admin/flow/1/50002
[2017-10-22 10:47:33.799] [INFO] express - [undefined] GET 200 103ms /api/admin/flow/account/1?port=50002&time=1508554085049&type=day
[2017-10-22 10:47:33.804] [INFO] express - [undefined] GET 200 101ms /api/admin/flow/account/1?port=50002&time=1508467685049&type=day
[2017-10-22 10:47:33.827] [INFO] express - [undefined] GET 200 131ms /api/admin/flow/1?port=50002&time=1508554085049&type=day
[2017-10-22 10:47:33.841] [INFO] express - [undefined] GET 200 138ms /api/admin/flow/1?port=50002&time=1508467685049&type=day
[2017-10-22 10:47:33.865] [INFO] express - [undefined] GET 200 57ms /api/admin/flow/1?port=50002&time=1508381285049&type=day
[2017-10-22 10:47:33.874] [INFO] express - [undefined] GET 200 42ms /api/admin/flow/account/1?port=50002&time=1508381285049&type=day
[2017-10-22 10:47:34.066] [INFO] express - [undefined] GET 200 88ms /api/admin/flow/1?port=50002&time=1508640485049&type=day
[2017-10-22 10:47:34.070] [INFO] express - [undefined] GET 200 54ms /api/admin/flow/account/1?port=50002&time=1508640485049&type=day
[2017-10-22 10:47:34.075] [WARN] express - [undefined] GET 304 13ms /libs/MaterialIcons-Regular.woff2
[2017-10-22 10:47:34.450] [INFO] express - [undefined] GET 200 11ms /libs/favicon.png
[2017-10-22 10:47:44.789] [WARN] express - [undefined] GET 304 20ms /public/views/home/login.html
[2017-10-22 10:47:44.906] [WARN] express - [undefined] GET 304 13ms /libs/home.png
[2017-10-22 10:47:55.290] [WARN] express - [undefined] GET 304 15ms /public/views/dialog/alert.html
[2017-10-22 10:47:55.294] [INFO] express - [undefined] POST 200 48ms /api/home/login
[2017-10-22 10:47:56.206] [WARN] express - [undefined] GET 304 13ms /public/views/user/index.html
[2017-10-22 10:47:56.263] [INFO] express - [undefined] GET 200 18ms /api/user/account
[2017-10-22 10:47:56.267] [WARN] express - [undefined] GET 304 15ms /api/user/server
[2017-10-22 10:47:56.282] [WARN] express - [undefined] GET 304 13ms /api/user/notice
[2017-10-22 10:47:57.771] [WARN] express - [undefined] GET 304 25ms /api/user/multiServerFlow
[2017-10-22 10:47:57.772] [WARN] express - [undefined] GET 304 21ms /api/user/account
[2017-10-22 10:47:57.773] [WARN] express - [undefined] GET 304 20ms /api/user/server
[2017-10-22 10:47:57.949] [INFO] express - [undefined] GET 200 30ms /api/user/flow/1/50002/lastConnect
[2017-10-22 10:47:57.954] [INFO] express - [undefined] GET 200 32ms /api/user/flow/1/50002
[2017-10-22 10:48:57.799] [INFO] express - [undefined] GET 200 40ms /api/user/account/1
[2017-10-22 10:48:57.802] [WARN] express - [undefined] GET 304 49ms /api/user/flow/1/50002/lastConnect
[2017-10-22 10:48:57.809] [WARN] express - [undefined] GET 304 50ms /api/user/flow/1/50002
[2017-10-22 10:49:33.862] [WARN] express - [undefined] GET 304 28ms /api/admin/flow/1/50002/lastConnect
[2017-10-22 10:49:33.866] [WARN] express - [undefined] GET 304 43ms /api/admin/flow/1/50002
[2017-10-22 10:49:57.848] [WARN] express - [undefined] GET 304 27ms /api/user/account/1
[2017-10-22 10:49:57.855] [WARN] express - [undefined] GET 304 28ms /api/user/flow/1/50002/lastConnect
[2017-10-22 10:49:57.861] [WARN] express - [undefined] GET 304 32ms /api/user/flow/1/50002
[2017-10-22 10:50:33.866] [WARN] express - [undefined] GET 304 37ms /api/admin/flow/1/50002
[2017-10-22 10:50:33.871] [WARN] express - [undefined] GET 304 33ms /api/admin/flow/1/50002/lastConnect
[2017-10-22 10:50:57.859] [WARN] express - [undefined] GET 304 38ms /api/user/account/1
[2017-10-22 10:50:57.862] [WARN] express - [undefined] GET 304 40ms /api/user/flow/1/50002/lastConnect
[2017-10-22 10:50:57.871] [WARN] express - [undefined] GET 304 42ms /api/user/flow/1/50002
[2017-10-22 10:51:02.968] [WARN] express - [undefined] GET 304 27ms /api/user/flow/1/50002/lastConnect
[2017-10-22 10:51:02.969] [WARN] express - [undefined] GET 304 26ms /api/user/flow/1/50002
[2017-10-22 10:51:03.550] [WARN] express - [undefined] GET 304 18ms /user/account
[2017-10-22 10:51:03.607] [WARN] express - [undefined] GET 304 7ms /libs/angular-material.min.css
[2017-10-22 10:51:03.612] [WARN] express - [undefined] GET 304 13ms /libs/style.css
[2017-10-22 10:51:03.617] [WARN] express - [undefined] GET 304 9ms /libs/angular.min.js
[2017-10-22 10:51:03.641] [WARN] express - [undefined] GET 304 14ms /libs/angular-inview.js
[2017-10-22 10:51:03.643] [WARN] express - [undefined] GET 304 14ms /libs/angular-animate.min.js
[2017-10-22 10:51:03.647] [WARN] express - [undefined] GET 304 12ms /libs/angular-aria.min.js
[2017-10-22 10:51:03.669] [WARN] express - [undefined] GET 304 11ms /libs/angular-messages.min.js
[2017-10-22 10:51:03.674] [WARN] express - [undefined] GET 304 11ms /libs/angular-material.min.js
[2017-10-22 10:51:03.681] [WARN] express - [undefined] GET 304 15ms /libs/angular-ui-router.min.js
[2017-10-22 10:51:03.715] [WARN] express - [undefined] GET 304 24ms /libs/qrcode.min.js
[2017-10-22 10:51:03.716] [WARN] express - [undefined] GET 304 14ms /libs/ngStorage.min.js
[2017-10-22 10:51:03.717] [WARN] express - [undefined] GET 304 26ms /libs/angular-translate.min.js
[2017-10-22 10:51:03.722] [WARN] express - [undefined] GET 304 20ms /libs/angular-qr.min.js
[2017-10-22 10:51:03.724] [WARN] express - [undefined] GET 304 22ms /libs/Chart.min.js
[2017-10-22 10:51:03.724] [WARN] express - [undefined] GET 304 15ms /libs/angular-chart.min.js
[2017-10-22 10:51:03.743] [WARN] express - [undefined] GET 304 10ms /libs/moment.min.js
[2017-10-22 10:51:03.754] [WARN] express - [undefined] GET 304 14ms /libs/angular-moment.min.js
[2017-10-22 10:51:03.757] [WARN] express - [undefined] GET 304 13ms /libs/angular-websocket.min.js
[2017-10-22 10:51:03.758] [WARN] express - [undefined] GET 304 7ms /libs/marked.min.js
[2017-10-22 10:51:03.762] [WARN] express - [undefined] GET 304 13ms /libs/angular-marked.min.js
[2017-10-22 10:51:03.767] [WARN] express - [undefined] GET 304 17ms /libs/bundle.js
[2017-10-22 10:51:07.320] [WARN] express - [undefined] GET 304 9ms /public/views/user/user.html
[2017-10-22 10:51:07.356] [WARN] express - [undefined] GET 304 12ms /public/views/user/account.html
[2017-10-22 10:51:07.442] [WARN] express - [undefined] GET 304 21ms /api/user/server
[2017-10-22 10:51:07.442] [WARN] express - [undefined] GET 304 22ms /api/user/multiServerFlow
[2017-10-22 10:51:07.443] [WARN] express - [undefined] GET 304 22ms /api/user/account
[2017-10-22 10:51:07.711] [WARN] express - [undefined] GET 304 26ms /api/user/flow/1/50002/lastConnect
[2017-10-22 10:51:07.714] [WARN] express - [undefined] GET 304 22ms /libs/MaterialIcons-Regular.woff2
[2017-10-22 10:51:07.719] [WARN] express - [undefined] GET 304 29ms /api/user/flow/1/50002
[2017-10-22 10:51:29.729] [INFO] express - [undefined] GET 200 16ms /admin/account/1
[2017-10-22 10:54:04.537] [WARN] express - [undefined] GET 304 95ms /api/user/flow/1/50002/lastConnect
[2017-10-22 10:54:04.538] [WARN] express - [undefined] GET 304 92ms /api/user/flow/1/50002
[2017-10-22 10:54:05.458] [WARN] express - [undefined] GET 304 38ms /user/account
[2017-10-22 10:54:05.533] [WARN] express - [undefined] GET 304 23ms /libs/style.css
[2017-10-22 10:54:05.536] [WARN] express - [undefined] GET 304 20ms /libs/angular-material.min.css
[2017-10-22 10:54:05.580] [WARN] express - [undefined] GET 304 33ms /libs/angular.min.js
[2017-10-22 10:54:05.588] [WARN] express - [undefined] GET 304 38ms /libs/angular-inview.js
[2017-10-22 10:54:05.605] [WARN] express - [undefined] GET 304 36ms /libs/angular-animate.min.js
[2017-10-22 10:54:05.615] [WARN] express - [undefined] GET 304 50ms /libs/angular-aria.min.js
[2017-10-22 10:54:05.616] [WARN] express - [undefined] GET 304 50ms /libs/angular-messages.min.js
[2017-10-22 10:54:05.617] [WARN] express - [undefined] GET 304 49ms /libs/angular-material.min.js
[2017-10-22 10:54:05.648] [WARN] express - [undefined] GET 304 40ms /libs/angular-ui-router.min.js
[2017-10-22 10:54:05.656] [WARN] express - [undefined] GET 304 39ms /libs/angular-translate.min.js
[2017-10-22 10:54:05.657] [WARN] express - [undefined] GET 304 36ms /libs/qrcode.min.js
[2017-10-22 10:54:05.662] [WARN] express - [undefined] GET 304 21ms /libs/Chart.min.js
[2017-10-22 10:54:05.666] [WARN] express - [undefined] GET 304 27ms /libs/angular-qr.min.js
[2017-10-22 10:54:05.671] [WARN] express - [undefined] GET 304 32ms /libs/ngStorage.min.js
[2017-10-22 10:54:05.698] [WARN] express - [undefined] GET 304 19ms /libs/angular-chart.min.js
[2017-10-22 10:54:05.711] [WARN] express - [undefined] GET 304 24ms /libs/moment.min.js
[2017-10-22 10:54:05.715] [WARN] express - [undefined] GET 304 21ms /libs/angular-moment.min.js
[2017-10-22 10:54:05.719] [WARN] express - [undefined] GET 304 25ms /libs/angular-websocket.min.js
[2017-10-22 10:54:05.723] [WARN] express - [undefined] GET 304 23ms /libs/marked.min.js
[2017-10-22 10:54:05.726] [WARN] express - [undefined] GET 304 19ms /libs/angular-marked.min.js
[2017-10-22 10:54:05.736] [WARN] express - [undefined] GET 304 16ms /libs/bundle.js
[2017-10-22 10:54:06.172] [WARN] express - [undefined] GET 304 16ms /public/views/user/user.html
[2017-10-22 10:54:06.212] [WARN] express - [undefined] GET 304 13ms /public/views/user/account.html
[2017-10-22 10:54:06.340] [WARN] express - [undefined] GET 304 37ms /api/user/multiServerFlow
[2017-10-22 10:54:06.344] [WARN] express - [undefined] GET 304 36ms /api/user/server
[2017-10-22 10:54:06.349] [WARN] express - [undefined] GET 304 42ms /api/user/account
[2017-10-22 10:54:06.621] [WARN] express - [undefined] GET 304 50ms /api/user/flow/1/50002
[2017-10-22 10:54:06.626] [WARN] express - [undefined] GET 304 53ms /api/user/flow/1/50002/lastConnect
[2017-10-22 10:54:06.631] [WARN] express - [undefined] GET 304 36ms /libs/MaterialIcons-Regular.woff2
[2017-10-22 10:54:09.207] [WARN] express - [undefined] GET 304 23ms /user/account
[2017-10-22 10:54:09.303] [WARN] express - [undefined] GET 304 42ms /libs/angular-inview.js
[2017-10-22 10:54:09.304] [WARN] express - [undefined] GET 304 35ms /libs/angular-aria.min.js
[2017-10-22 10:54:09.305] [WARN] express - [undefined] GET 304 36ms /libs/angular-animate.min.js
[2017-10-22 10:54:09.306] [WARN] express - [undefined] GET 304 44ms /libs/angular-material.min.css
[2017-10-22 10:54:09.314] [WARN] express - [undefined] GET 304 52ms /libs/angular.min.js
[2017-10-22 10:54:09.314] [WARN] express - [undefined] GET 304 46ms /libs/style.css
[2017-10-22 10:54:09.383] [WARN] express - [undefined] GET 304 28ms /libs/angular-messages.min.js
[2017-10-22 10:54:09.384] [WARN] express - [undefined] GET 304 25ms /libs/angular-ui-router.min.js
[2017-10-22 10:54:09.384] [WARN] express - [undefined] GET 304 24ms /libs/angular-qr.min.js
[2017-10-22 10:54:09.387] [WARN] express - [undefined] GET 304 28ms /libs/angular-material.min.js
[2017-10-22 10:54:09.402] [WARN] express - [undefined] GET 304 41ms /libs/angular-translate.min.js
[2017-10-22 10:54:09.403] [WARN] express - [undefined] GET 304 39ms /libs/qrcode.min.js
[2017-10-22 10:54:09.430] [WARN] express - [undefined] GET 304 26ms /libs/ngStorage.min.js
[2017-10-22 10:54:09.431] [WARN] express - [undefined] GET 304 16ms /libs/moment.min.js
[2017-10-22 10:54:09.495] [WARN] express - [undefined] GET 304 90ms /libs/Chart.min.js
[2017-10-22 10:54:09.496] [WARN] express - [undefined] GET 304 90ms /libs/angular-chart.min.js
[2017-10-22 10:54:09.500] [WARN] express - [undefined] GET 304 73ms /libs/angular-moment.min.js
[2017-10-22 10:54:09.501] [WARN] express - [undefined] GET 304 76ms /libs/angular-websocket.min.js
[2017-10-22 10:54:09.513] [WARN] express - [undefined] GET 304 26ms /libs/angular-marked.min.js
[2017-10-22 10:54:09.514] [WARN] express - [undefined] GET 304 28ms /libs/marked.min.js
[2017-10-22 10:54:09.563] [WARN] express - [undefined] GET 304 46ms /libs/bundle.js
[2017-10-22 10:54:10.188] [WARN] express - [undefined] GET 304 10ms /public/views/user/user.html
[2017-10-22 10:54:10.218] [WARN] express - [undefined] GET 304 9ms /public/views/user/account.html
[2017-10-22 10:54:10.300] [WARN] express - [undefined] GET 304 31ms /api/user/multiServerFlow
[2017-10-22 10:54:10.306] [WARN] express - [undefined] GET 304 24ms /api/user/server
[2017-10-22 10:54:10.312] [WARN] express - [undefined] GET 304 31ms /api/user/account
[2017-10-22 10:54:10.540] [WARN] express - [undefined] GET 304 24ms /api/user/flow/1/50002/lastConnect
[2017-10-22 10:54:10.550] [WARN] express - [undefined] GET 304 33ms /api/user/flow/1/50002
[2017-10-22 10:54:10.554] [WARN] express - [undefined] GET 304 9ms /libs/MaterialIcons-Regular.woff2
[2017-10-22 10:54:33.598] [WARN] express - [undefined] GET 304 52ms /api/admin/flow/1/50002
[2017-10-22 10:54:33.602] [WARN] express - [undefined] GET 304 43ms /api/admin/flow/1/50002/lastConnect
[2017-10-22 10:54:33.704] [WARN] express - [undefined] GET 304 13ms /public/views/admin/user.html
[2017-10-22 10:54:33.963] [INFO] express - [undefined] GET 200 37ms /api/admin/user?page=1&pageSize=80&sort=id_asc
[2017-10-22 10:54:35.156] [INFO] express - [undefined] GET 200 26ms /public/views/admin/userPage.html
[2017-10-22 10:54:35.450] [INFO] express - [undefined] GET 200 23ms /api/admin/user/2
[2017-10-22 10:54:35.515] [INFO] express - [undefined] GET 200 14ms /api/admin/alipay/2
[2017-10-22 10:54:35.558] [INFO] express - [undefined] GET 200 22ms /api/admin/paypal/2
[2017-10-22 10:54:35.564] [WARN] express - [undefined] GET 304 23ms /api/admin/server
[2017-10-22 10:54:35.570] [INFO] express - [undefined] GET 200 24ms /api/admin/account/mac?userId=2
[2017-10-22 10:54:35.830] [INFO] express - [undefined] GET 200 23ms /api/admin/user/50002/lastConnect
[2017-10-22 10:54:38.225] [INFO] express - [undefined] GET 200 14ms /api/admin/account/port/50002
[2017-10-22 10:54:38.501] [WARN] express - [undefined] GET 304 17ms /api/admin/account/1
[2017-10-22 10:54:38.591] [WARN] express - [undefined] GET 304 15ms /api/admin/server
[2017-10-22 10:54:38.595] [WARN] express - [undefined] GET 304 13ms /api/admin/setting/account
[2017-10-22 10:54:38.808] [INFO] express - [undefined] GET 200 124ms /api/admin/flow/account/1?port=50002&time=1508381710017&type=day
[2017-10-22 10:54:38.809] [INFO] express - [undefined] GET 200 178ms /api/admin/flow/1?port=50002&time=1508554510017&type=day
[2017-10-22 10:54:38.810] [INFO] express - [undefined] GET 200 150ms /api/admin/flow/account/1?port=50002&time=1508554510017&type=day
[2017-10-22 10:54:38.811] [INFO] express - [undefined] GET 200 149ms /api/admin/flow/account/1?port=50002&time=1508468110017&type=day
[2017-10-22 10:54:38.815] [INFO] express - [undefined] GET 200 152ms /api/admin/flow/1?port=50002&time=1508381710017&type=day
[2017-10-22 10:54:38.816] [INFO] express - [undefined] GET 200 155ms /api/admin/flow/1?port=50002&time=1508468110017&type=day
[2017-10-22 10:54:39.061] [INFO] express - [undefined] GET 200 93ms /api/admin/flow/1?port=50002&time=1508640910017&type=day
[2017-10-22 10:54:39.065] [INFO] express - [undefined] GET 200 56ms /api/admin/flow/account/1?port=50002&time=1508640910017&type=day
[2017-10-22 10:54:43.208] [INFO] express - [undefined] GET 200 87ms /api/admin/flow/account/1?port=50002&time=1508637310017&type=hour
[2017-10-22 10:54:43.208] [INFO] express - [undefined] GET 200 88ms /api/admin/flow/1?port=50002&time=1508637310017&type=hour
[2017-10-22 10:54:43.227] [INFO] express - [undefined] GET 200 104ms /api/admin/flow/1?port=50002&time=1508633710017&type=hour
[2017-10-22 10:54:43.233] [INFO] express - [undefined] GET 200 77ms /api/admin/flow/account/1?port=50002&time=1508630110017&type=hour
[2017-10-22 10:54:43.234] [INFO] express - [undefined] GET 200 80ms /api/admin/flow/account/1?port=50002&time=1508633710017&type=hour
[2017-10-22 10:54:43.234] [INFO] express - [undefined] GET 200 79ms /api/admin/flow/1?port=50002&time=1508630110017&type=hour
[2017-10-22 10:54:43.426] [INFO] express - [undefined] GET 200 30ms /api/admin/flow/1?port=50002&time=1508640910017&type=hour
[2017-10-22 10:54:43.430] [INFO] express - [undefined] GET 200 16ms /api/admin/flow/account/1?port=50002&time=1508640910017&type=hour
[2017-10-22 10:55:10.299] [WARN] express - [undefined] GET 304 32ms /api/user/account/1
[2017-10-22 10:55:10.299] [INFO] express - [undefined] GET 200 30ms /api/user/flow/1/50002/lastConnect
[2017-10-22 10:55:10.304] [INFO] express - [undefined] GET 200 35ms /api/user/flow/1/50002
[2017-10-22 10:55:38.498] [INFO] express - [undefined] GET 200 21ms /api/admin/flow/1/50002
[2017-10-22 10:55:38.505] [INFO] express - [undefined] GET 200 17ms /api/admin/flow/1/50002/lastConnect
[2017-10-22 10:56:09.981] [WARN] express - [undefined] GET 304 13ms /admin/account/1
[2017-10-22 10:56:10.106] [WARN] express - [undefined] GET 304 14ms /libs/angular-inview.js
[2017-10-22 10:56:10.106] [WARN] express - [undefined] GET 304 14ms /libs/angular.min.js
[2017-10-22 10:56:10.107] [WARN] express - [undefined] GET 304 15ms /libs/angular-animate.min.js
[2017-10-22 10:56:10.112] [WARN] express - [undefined] GET 304 22ms /libs/style.css
[2017-10-22 10:56:10.122] [WARN] express - [undefined] GET 304 29ms /libs/angular-aria.min.js
[2017-10-22 10:56:10.122] [WARN] express - [undefined] GET 304 33ms /libs/angular-material.min.css
[2017-10-22 10:56:10.141] [WARN] express - [undefined] GET 304 10ms /libs/angular-messages.min.js
[2017-10-22 10:56:10.155] [WARN] express - [undefined] GET 304 23ms /libs/angular-ui-router.min.js
[2017-10-22 10:56:10.165] [WARN] express - [undefined] GET 304 33ms /libs/angular-material.min.js
[2017-10-22 10:56:10.173] [WARN] express - [undefined] GET 304 31ms /libs/angular-translate.min.js
[2017-10-22 10:56:10.178] [WARN] express - [undefined] GET 304 27ms /libs/qrcode.min.js
[2017-10-22 10:56:10.178] [WARN] express - [undefined] GET 304 26ms /libs/angular-qr.min.js
[2017-10-22 10:56:10.179] [WARN] express - [undefined] GET 304 13ms /libs/ngStorage.min.js
[2017-10-22 10:56:10.201] [WARN] express - [undefined] GET 304 19ms /libs/Chart.min.js
[2017-10-22 10:56:10.213] [WARN] express - [undefined] GET 304 24ms /libs/angular-chart.min.js
[2017-10-22 10:56:10.213] [WARN] express - [undefined] GET 304 20ms /libs/moment.min.js
[2017-10-22 10:56:10.214] [WARN] express - [undefined] GET 304 15ms /libs/angular-moment.min.js
[2017-10-22 10:56:10.216] [WARN] express - [undefined] GET 304 16ms /libs/angular-websocket.min.js
[2017-10-22 10:56:10.226] [WARN] express - [undefined] GET 304 24ms /libs/marked.min.js
[2017-10-22 10:56:10.231] [WARN] express - [undefined] GET 304 10ms /libs/angular-marked.min.js
[2017-10-22 10:56:10.244] [WARN] express - [undefined] GET 304 11ms /libs/bundle.js
[2017-10-22 10:56:10.296] [WARN] express - [undefined] GET 304 22ms /api/user/account/1
[2017-10-22 10:56:10.296] [WARN] express - [undefined] GET 304 18ms /api/user/flow/1/50002/lastConnect
[2017-10-22 10:56:10.314] [WARN] express - [undefined] GET 304 32ms /api/user/flow/1/50002
[2017-10-22 10:56:11.272] [WARN] express - [undefined] GET 304 11ms /public/views/admin/admin.html
[2017-10-22 10:56:11.383] [WARN] express - [undefined] GET 304 9ms /public/views/admin/accountPage.html
[2017-10-22 10:56:11.502] [WARN] express - [undefined] GET 304 12ms /api/admin/account/1
[2017-10-22 10:56:11.510] [WARN] express - [undefined] GET 304 10ms /api/admin/setting/account
[2017-10-22 10:56:11.514] [WARN] express - [undefined] GET 304 15ms /api/admin/server
[2017-10-22 10:56:11.660] [WARN] express - [undefined] GET 304 26ms /api/admin/flow/1/50002/lastConnect
[2017-10-22 10:56:11.709] [WARN] express - [undefined] GET 304 77ms /api/admin/flow/1/50002
[2017-10-22 10:56:11.774] [INFO] express - [undefined] GET 200 125ms /api/admin/flow/account/1?port=50002&time=1508554603005&type=day
[2017-10-22 10:56:11.801] [INFO] express - [undefined] GET 200 133ms /api/admin/flow/account/1?port=50002&time=1508468203005&type=day
[2017-10-22 10:56:11.817] [INFO] express - [undefined] GET 200 175ms /api/admin/flow/1?port=50002&time=1508554603005&type=day
[2017-10-22 10:56:11.819] [INFO] express - [undefined] GET 200 158ms /api/admin/flow/1?port=50002&time=1508468203005&type=day
[2017-10-22 10:56:11.823] [INFO] express - [undefined] GET 200 136ms /api/admin/flow/1?port=50002&time=1508381803005&type=day
[2017-10-22 10:56:11.824] [INFO] express - [undefined] GET 200 89ms /api/admin/flow/account/1?port=50002&time=1508381803005&type=day
[2017-10-22 10:56:11.998] [INFO] express - [undefined] GET 200 73ms /api/admin/flow/1?port=50002&time=1508641003005&type=day
[2017-10-22 10:56:12.002] [WARN] express - [undefined] GET 304 21ms /libs/MaterialIcons-Regular.woff2
[2017-10-22 10:56:12.006] [INFO] express - [undefined] GET 200 12ms /api/admin/flow/account/1?port=50002&time=1508641003005&type=day
[2017-10-22 10:56:12.330] [INFO] express - [undefined] GET 200 12ms /libs/favicon.png
[2017-10-22 10:56:20.316] [INFO] express - [undefined] GET 200 14ms /admin/account/1
[2017-10-22 10:56:20.475] [INFO] express - [undefined] GET 200 20ms /libs/angular.min.js
[2017-10-22 10:56:20.742] [INFO] express - [undefined] GET 200 13ms /libs/angular-inview.js
[2017-10-22 10:56:20.955] [INFO] express - [undefined] GET 200 12ms /libs/angular-animate.min.js
[2017-10-22 10:56:21.159] [INFO] express - [undefined] GET 200 9ms /libs/angular-aria.min.js
[2017-10-22 10:56:21.459] [INFO] express - [undefined] GET 200 15ms /libs/angular-messages.min.js
[2017-10-22 10:56:21.658] [INFO] express - [undefined] GET 200 39ms /libs/angular-material.min.js
[2017-10-22 10:56:21.957] [INFO] express - [undefined] GET 200 10ms /libs/angular-ui-router.min.js
[2017-10-22 10:56:22.380] [INFO] express - [undefined] GET 200 13ms /libs/angular-translate.min.js
[2017-10-22 10:56:22.588] [INFO] express - [undefined] GET 200 9ms /libs/qrcode.min.js
[2017-10-22 10:56:22.791] [INFO] express - [undefined] GET 200 11ms /libs/angular-qr.min.js
[2017-10-22 10:56:23.042] [INFO] express - [undefined] GET 200 9ms /libs/ngStorage.min.js
[2017-10-22 10:56:23.297] [INFO] express - [undefined] GET 200 15ms /libs/Chart.min.js
[2017-10-22 10:56:23.491] [INFO] express - [undefined] GET 200 10ms /libs/angular-chart.min.js
[2017-10-22 10:56:23.662] [INFO] express - [undefined] GET 200 11ms /libs/moment.min.js
[2017-10-22 10:56:23.926] [INFO] express - [undefined] GET 200 14ms /libs/angular-moment.min.js
[2017-10-22 10:56:24.141] [INFO] express - [undefined] GET 200 14ms /libs/angular-websocket.min.js
[2017-10-22 10:56:24.637] [INFO] express - [undefined] GET 200 10ms /libs/marked.min.js
[2017-10-22 10:56:24.858] [INFO] express - [undefined] GET 200 10ms /libs/angular-marked.min.js
