[2017-10-22 09:45:36.140] [ERROR] system - { Error: getaddrinfo ENOTFOUND mysql mysql:3306
    at errnoException (dns.js:28:10)
    at GetAddrInfoReqWrap.onlookup [as oncomplete] (dns.js:76:26)
    --------------------
    at Protocol._enqueue (/usr/lib/node_modules/shadowsocks-manager/node_modules/mysql/lib/protocol/Protocol.js:145:48)
    at Protocol.handshake (/usr/lib/node_modules/shadowsocks-manager/node_modules/mysql/lib/protocol/Protocol.js:52:23)
    at Connection.connect (/usr/lib/node_modules/shadowsocks-manager/node_modules/mysql/lib/Connection.js:130:18)
    at /usr/lib/node_modules/shadowsocks-manager/node_modules/knex/lib/dialects/mysql/index.js:106:18
    at Promise._execute (/usr/lib/node_modules/shadowsocks-manager/node_modules/bluebird/js/release/debuggability.js:300:9)
    at Promise._resolveFromExecutor (/usr/lib/node_modules/shadowsocks-manager/node_modules/bluebird/js/release/promise.js:483:18)
    at new Promise (/usr/lib/node_modules/shadowsocks-manager/node_modules/bluebird/js/release/promise.js:79:10)
    at Client_MySQL.acquireRawConnection (/usr/lib/node_modules/shadowsocks-manager/node_modules/knex/lib/dialects/mysql/index.js:104:12)
    at Object.create (/usr/lib/node_modules/shadowsocks-manager/node_modules/knex/lib/client.js:239:16)
    at Pool._createResource (/usr/lib/node_modules/shadowsocks-manager/node_modules/generic-pool/lib/generic-pool.js:354:17)
    at Pool._ensureMinimum (/usr/lib/node_modules/shadowsocks-manager/node_modules/generic-pool/lib/generic-pool.js:408:12)
    at new Pool (/usr/lib/node_modules/shadowsocks-manager/node_modules/generic-pool/lib/generic-pool.js:157:8)
    at Client_MySQL.initializePool (/usr/lib/node_modules/shadowsocks-manager/node_modules/knex/lib/client.js:269:17)
    at Client_MySQL.Client (/usr/lib/node_modules/shadowsocks-manager/node_modules/knex/lib/client.js:116:12)
    at new Client_MySQL (/usr/lib/node_modules/shadowsocks-manager/node_modules/knex/lib/dialects/mysql/index.js:62:20)
    at Knex (/usr/lib/node_modules/shadowsocks-manager/node_modules/knex/lib/index.js:60:34)
  code: 'ENOTFOUND',
  errno: 'ENOTFOUND',
  syscall: 'getaddrinfo',
  hostname: 'mysql',
  host: 'mysql',
  port: 3306,
  fatal: true }
[2017-10-22 09:46:46.774] [ERROR] system - { Error: getaddrinfo ENOTFOUND mysql mysql:3306
    at errnoException (dns.js:28:10)
    at GetAddrInfoReqWrap.onlookup [as oncomplete] (dns.js:76:26)
    --------------------
    at Protocol._enqueue (/usr/lib/node_modules/shadowsocks-manager/node_modules/mysql/lib/protocol/Protocol.js:145:48)
    at Protocol.handshake (/usr/lib/node_modules/shadowsocks-manager/node_modules/mysql/lib/protocol/Protocol.js:52:23)
    at Connection.connect (/usr/lib/node_modules/shadowsocks-manager/node_modules/mysql/lib/Connection.js:130:18)
    at /usr/lib/node_modules/shadowsocks-manager/node_modules/knex/lib/dialects/mysql/index.js:106:18
    at Promise._execute (/usr/lib/node_modules/shadowsocks-manager/node_modules/bluebird/js/release/debuggability.js:300:9)
    at Promise._resolveFromExecutor (/usr/lib/node_modules/shadowsocks-manager/node_modules/bluebird/js/release/promise.js:483:18)
    at new Promise (/usr/lib/node_modules/shadowsocks-manager/node_modules/bluebird/js/release/promise.js:79:10)
    at Client_MySQL.acquireRawConnection (/usr/lib/node_modules/shadowsocks-manager/node_modules/knex/lib/dialects/mysql/index.js:104:12)
    at Object.create (/usr/lib/node_modules/shadowsocks-manager/node_modules/knex/lib/client.js:239:16)
    at Pool._createResource (/usr/lib/node_modules/shadowsocks-manager/node_modules/generic-pool/lib/generic-pool.js:354:17)
    at Pool._ensureMinimum (/usr/lib/node_modules/shadowsocks-manager/node_modules/generic-pool/lib/generic-pool.js:408:12)
    at new Pool (/usr/lib/node_modules/shadowsocks-manager/node_modules/generic-pool/lib/generic-pool.js:157:8)
    at Client_MySQL.initializePool (/usr/lib/node_modules/shadowsocks-manager/node_modules/knex/lib/client.js:269:17)
    at Client_MySQL.Client (/usr/lib/node_modules/shadowsocks-manager/node_modules/knex/lib/client.js:116:12)
    at new Client_MySQL (/usr/lib/node_modules/shadowsocks-manager/node_modules/knex/lib/dialects/mysql/index.js:62:20)
    at Knex (/usr/lib/node_modules/shadowsocks-manager/node_modules/knex/lib/index.js:60:34)
  code: 'ENOTFOUND',
  errno: 'ENOTFOUND',
  syscall: 'getaddrinfo',
  hostname: 'mysql',
  host: 'mysql',
  port: 3306,
  fatal: true }
[2017-10-22 10:13:27.800] [INFO] system - server listen on 0.0.0.0:4001
[2017-10-22 10:14:58.921] [INFO] system - server listen on 0.0.0.0:4001
[2017-10-22 10:18:31.287] [INFO] system - server listen on 0.0.0.0:4001
[2017-10-22 10:18:32.257] [INFO] system - Load plugin: flowSaver
[2017-10-22 10:18:32.275] [INFO] system - Load plugin db: flowSaver/db/saveFlow.js
[2017-10-22 10:18:32.276] [INFO] system - Load plugin db: flowSaver/db/saveFlow5min.js
[2017-10-22 10:18:32.278] [INFO] system - Load plugin db: flowSaver/db/saveFlowDay.js
[2017-10-22 10:18:32.279] [INFO] system - Load plugin db: flowSaver/db/saveFlowHour.js
[2017-10-22 10:18:32.280] [INFO] system - Load plugin db: flowSaver/db/server.js
[2017-10-22 10:18:32.291] [INFO] system - Load plugin: user
[2017-10-22 10:18:32.293] [INFO] system - Load plugin db: user/db/user.js
[2017-10-22 10:18:32.295] [INFO] system - Load plugin: account
[2017-10-22 10:18:32.298] [INFO] system - Load plugin db: account/db/account.js
[2017-10-22 10:18:32.299] [INFO] system - Load plugin: macAccount
[2017-10-22 10:18:32.302] [INFO] system - Load plugin db: macAccount/db/macAccount.js
[2017-10-22 10:18:32.303] [INFO] system - Load plugin: email
[2017-10-22 10:18:32.305] [INFO] system - Load plugin db: email/db/email.js
[2017-10-22 10:18:32.306] [INFO] system - Load plugin: webgui
[2017-10-22 10:18:32.308] [INFO] system - Load plugin db: webgui/db/notice.js
[2017-10-22 10:18:32.309] [INFO] system - Load plugin db: webgui/db/push.js
[2017-10-22 10:18:32.310] [INFO] system - Load plugin db: webgui/db/setting.js
[2017-10-22 10:18:32.312] [INFO] system - Load plugin: alipay
[2017-10-22 10:18:32.314] [INFO] system - Load plugin db: alipay/db/alipay.js
[2017-10-22 10:18:32.316] [INFO] system - Load plugin: paypal
[2017-10-22 10:18:32.317] [INFO] system - Load plugin db: paypal/db/paypal.js
[2017-10-22 10:18:32.491] [INFO] system - Load plugin index: email/index
[2017-10-22 10:18:33.268] [INFO] system - Load plugin index: user/index
[2017-10-22 10:18:33.462] [INFO] system - Load plugin index: account/index
[2017-10-22 10:18:33.639] [INFO] system - { command: 'flow', options: { clear: false } }
[2017-10-22 10:18:33.653] [INFO] system - Load plugin index: macAccount/index
[2017-10-22 10:18:33.771] [INFO] system - Load plugin index: flowSaver/index
[2017-10-22 10:18:33.811] [INFO] system - Load plugin index: webgui/index
[2017-10-22 10:18:35.766] [INFO] system - Load plugin index: alipay/index
[2017-10-22 10:18:35.872] [INFO] system - Load plugin index: paypal/index
[2017-10-22 10:18:41.540] [INFO] system - { command: 'list' }
[2017-10-22 10:19:00.074] [INFO] system - { command: 'flow', options: { clear: true } }
[2017-10-22 10:20:24.813] [INFO] system - server listen on 0.0.0.0:4001
[2017-10-22 10:20:25.791] [INFO] system - Load plugin: flowSaver
[2017-10-22 10:20:25.793] [INFO] system - Load plugin db: flowSaver/db/saveFlow.js
[2017-10-22 10:20:25.795] [INFO] system - Load plugin db: flowSaver/db/saveFlow5min.js
[2017-10-22 10:20:25.796] [INFO] system - Load plugin db: flowSaver/db/saveFlowDay.js
[2017-10-22 10:20:25.798] [INFO] system - Load plugin db: flowSaver/db/saveFlowHour.js
[2017-10-22 10:20:25.799] [INFO] system - Load plugin db: flowSaver/db/server.js
[2017-10-22 10:20:25.801] [INFO] system - Load plugin: user
[2017-10-22 10:20:25.801] [INFO] system - Load plugin db: user/db/user.js
[2017-10-22 10:20:25.804] [INFO] system - Load plugin: account
[2017-10-22 10:20:25.805] [INFO] system - Load plugin db: account/db/account.js
[2017-10-22 10:20:25.806] [INFO] system - Load plugin: macAccount
[2017-10-22 10:20:25.807] [INFO] system - Load plugin db: macAccount/db/macAccount.js
[2017-10-22 10:20:25.808] [INFO] system - Load plugin: webgui
[2017-10-22 10:20:25.808] [INFO] system - Load plugin db: webgui/db/notice.js
[2017-10-22 10:20:25.810] [INFO] system - Load plugin db: webgui/db/push.js
[2017-10-22 10:20:25.811] [INFO] system - Load plugin db: webgui/db/setting.js
[2017-10-22 10:20:25.812] [INFO] system - Load plugin: alipay
[2017-10-22 10:20:25.813] [INFO] system - Load plugin db: alipay/db/alipay.js
[2017-10-22 10:20:25.815] [INFO] system - Load plugin: paypal
[2017-10-22 10:20:25.815] [INFO] system - Load plugin db: paypal/db/paypal.js
[2017-10-22 10:20:25.849] [INFO] system - Load plugin index: user/index
[2017-10-22 10:20:25.857] [INFO] system - Load plugin index: account/index
[2017-10-22 10:20:25.910] [INFO] system - Load plugin index: macAccount/index
[2017-10-22 10:20:25.918] [INFO] system - Load plugin index: webgui/index
[2017-10-22 10:20:26.722] [INFO] system - Load plugin index: alipay/index
[2017-10-22 10:20:26.723] [INFO] system - Load plugin index: paypal/index
[2017-10-22 10:20:26.746] [INFO] system - Load plugin index: flowSaver/index
[2017-10-22 10:20:33.946] [INFO] system - { command: 'list' }
[2017-10-22 10:21:00.043] [INFO] system - { command: 'flow', options: { clear: true } }
[2017-10-22 10:22:00.042] [INFO] system - { command: 'flow', options: { clear: true } }
[2017-10-22 10:22:00.049] [INFO] system - { command: 'list' }
[2017-10-22 10:23:00.078] [INFO] system - { command: 'flow', options: { clear: true } }
[2017-10-22 10:24:00.074] [INFO] system - { command: 'flow', options: { clear: true } }
[2017-10-22 10:24:00.087] [INFO] system - { command: 'list' }
[2017-10-22 10:25:00.047] [INFO] system - { command: 'flow', options: { clear: true } }
[2017-10-22 10:26:00.037] [INFO] system - { command: 'flow', options: { clear: true } }
[2017-10-22 10:26:00.044] [INFO] system - { command: 'list' }
[2017-10-22 10:29:17.557] [INFO] system - server listen on 0.0.0.0:4001
[2017-10-22 10:29:18.495] [INFO] system - Load plugin: flowSaver
[2017-10-22 10:29:18.497] [INFO] system - Load plugin db: flowSaver/db/saveFlow.js
[2017-10-22 10:29:18.499] [INFO] system - Load plugin db: flowSaver/db/saveFlow5min.js
[2017-10-22 10:29:18.500] [INFO] system - Load plugin db: flowSaver/db/saveFlowDay.js
[2017-10-22 10:29:18.502] [INFO] system - Load plugin db: flowSaver/db/saveFlowHour.js
[2017-10-22 10:29:18.503] [INFO] system - Load plugin db: flowSaver/db/server.js
[2017-10-22 10:29:18.506] [INFO] system - Load plugin: user
[2017-10-22 10:29:18.506] [INFO] system - Load plugin db: user/db/user.js
[2017-10-22 10:29:18.508] [INFO] system - Load plugin: account
[2017-10-22 10:29:18.511] [INFO] system - Load plugin db: account/db/account.js
[2017-10-22 10:29:18.513] [INFO] system - Load plugin: macAccount
[2017-10-22 10:29:18.513] [INFO] system - Load plugin db: macAccount/db/macAccount.js
[2017-10-22 10:29:18.515] [INFO] system - Load plugin: email
[2017-10-22 10:29:18.515] [INFO] system - Load plugin db: email/db/email.js
[2017-10-22 10:29:18.516] [INFO] system - Load plugin: webgui
[2017-10-22 10:29:18.517] [INFO] system - Load plugin db: webgui/db/notice.js
[2017-10-22 10:29:18.518] [INFO] system - Load plugin db: webgui/db/push.js
[2017-10-22 10:29:18.519] [INFO] system - Load plugin db: webgui/db/setting.js
[2017-10-22 10:29:18.521] [INFO] system - Load plugin: alipay
[2017-10-22 10:29:18.521] [INFO] system - Load plugin db: alipay/db/alipay.js
[2017-10-22 10:29:18.523] [INFO] system - Load plugin: paypal
[2017-10-22 10:29:18.523] [INFO] system - Load plugin db: paypal/db/paypal.js
[2017-10-22 10:29:18.557] [INFO] system - Load plugin index: user/index
[2017-10-22 10:29:18.564] [INFO] system - Load plugin index: email/index
[2017-10-22 10:29:18.640] [INFO] system - Load plugin index: account/index
[2017-10-22 10:29:18.692] [INFO] system - Load plugin index: macAccount/index
[2017-10-22 10:29:18.701] [INFO] system - Load plugin index: webgui/index
[2017-10-22 10:29:19.396] [INFO] system - Load plugin index: alipay/index
[2017-10-22 10:29:19.396] [INFO] system - Load plugin index: paypal/index
[2017-10-22 10:29:19.424] [INFO] system - Load plugin index: flowSaver/index
[2017-10-22 10:29:26.734] [INFO] system - { command: 'list' }
[2017-10-22 10:30:00.073] [INFO] system - { command: 'flow', options: { clear: true } }
[2017-10-22 10:30:00.089] [INFO] system - { command: 'list' }
[2017-10-22 10:31:00.071] [INFO] system - { command: 'flow', options: { clear: true } }
[2017-10-22 10:31:11.729] [INFO] system - { command: 'version' }
[2017-10-22 10:31:13.883] [INFO] system - { command: 'list' }
[2017-10-22 10:31:15.319] [INFO] system - { command: 'version' }
[2017-10-22 10:32:00.034] [INFO] system - { command: 'flow', options: { clear: true } }
[2017-10-22 10:32:00.043] [INFO] system - { command: 'list' }
[2017-10-22 10:33:00.122] [INFO] system - { command: 'flow', options: { clear: true } }
[2017-10-22 10:33:21.850] [INFO] system - { command: 'list' }
[2017-10-22 10:33:30.717] [INFO] system - { command: 'add', port: 50000, password: '1813255020' }
[2017-10-22 10:34:00.027] [INFO] system - { command: 'flow', options: { clear: true } }
[2017-10-22 10:34:00.037] [INFO] system - { command: 'list' }
[2017-10-22 10:35:00.034] [INFO] system - { command: 'flow', options: { clear: true } }
[2017-10-22 10:35:04.476] [INFO] system - { command: 'version' }
[2017-10-22 10:35:05.990] [INFO] system - { command: 'list' }
[2017-10-22 10:35:21.007] [ERROR] system - { Error: connect ECONNREFUSED 101.200.78.67:4001
    at Object.exports._errnoException (util.js:1018:11)
    at exports._exceptionWithHostPort (util.js:1041:20)
    at TCPConnectWrap.afterConnect [as oncomplete] (net.js:1086:14)
  code: 'ECONNREFUSED',
  errno: 'ECONNREFUSED',
  syscall: 'connect',
  address: '101.200.78.67',
  port: 4001 }
[2017-10-22 10:36:00.045] [INFO] system - { command: 'flow', options: { clear: true } }
[2017-10-22 10:36:00.055] [INFO] system - { command: 'list' }
[2017-10-22 10:36:40.799] [INFO] system - server listen on 0.0.0.0:4001
[2017-10-22 10:36:41.727] [INFO] system - Load plugin: flowSaver
[2017-10-22 10:36:41.730] [INFO] system - Load plugin db: flowSaver/db/saveFlow.js
[2017-10-22 10:36:41.731] [INFO] system - Load plugin db: flowSaver/db/saveFlow5min.js
[2017-10-22 10:36:41.732] [INFO] system - Load plugin db: flowSaver/db/saveFlowDay.js
[2017-10-22 10:36:41.734] [INFO] system - Load plugin db: flowSaver/db/saveFlowHour.js
[2017-10-22 10:36:41.735] [INFO] system - Load plugin db: flowSaver/db/server.js
[2017-10-22 10:36:41.737] [INFO] system - Load plugin: user
[2017-10-22 10:36:41.738] [INFO] system - Load plugin db: user/db/user.js
[2017-10-22 10:36:41.740] [INFO] system - Load plugin: account
[2017-10-22 10:36:41.741] [INFO] system - Load plugin db: account/db/account.js
[2017-10-22 10:36:41.743] [INFO] system - Load plugin: macAccount
[2017-10-22 10:36:41.743] [INFO] system - Load plugin db: macAccount/db/macAccount.js
[2017-10-22 10:36:41.744] [INFO] system - Load plugin: email
[2017-10-22 10:36:41.745] [INFO] system - Load plugin db: email/db/email.js
[2017-10-22 10:36:41.746] [INFO] system - Load plugin: webgui
[2017-10-22 10:36:41.746] [INFO] system - Load plugin db: webgui/db/notice.js
[2017-10-22 10:36:41.748] [INFO] system - Load plugin db: webgui/db/push.js
[2017-10-22 10:36:41.749] [INFO] system - Load plugin db: webgui/db/setting.js
[2017-10-22 10:36:41.751] [INFO] system - Load plugin: alipay
[2017-10-22 10:36:41.751] [INFO] system - Load plugin db: alipay/db/alipay.js
[2017-10-22 10:36:41.752] [INFO] system - Load plugin: paypal
[2017-10-22 10:36:41.752] [INFO] system - Load plugin db: paypal/db/paypal.js
[2017-10-22 10:36:41.787] [INFO] system - Load plugin index: user/index
[2017-10-22 10:36:41.793] [INFO] system - Load plugin index: email/index
[2017-10-22 10:36:41.868] [INFO] system - Load plugin index: account/index
[2017-10-22 10:36:41.919] [INFO] system - Load plugin index: macAccount/index
[2017-10-22 10:36:41.929] [INFO] system - Load plugin index: webgui/index
[2017-10-22 10:36:42.634] [INFO] system - Load plugin index: alipay/index
[2017-10-22 10:36:42.634] [INFO] system - Load plugin index: paypal/index
[2017-10-22 10:36:42.664] [INFO] system - Load plugin index: flowSaver/index
[2017-10-22 10:36:49.961] [INFO] system - { command: 'list' }
[2017-10-22 10:37:00.053] [INFO] system - { command: 'flow', options: { clear: true } }
[2017-10-22 10:37:07.635] [INFO] system - { command: 'flow', options: { clear: false } }
[2017-10-22 10:37:08.257] [INFO] system - { command: 'list' }
[2017-10-22 10:38:00.142] [INFO] system - { command: 'flow', options: { clear: true } }
[2017-10-22 10:38:00.160] [INFO] system - { command: 'list' }
[2017-10-22 10:40:01.786] [INFO] system - server listen on 0.0.0.0:4001
[2017-10-22 10:40:02.737] [INFO] system - Load plugin: flowSaver
[2017-10-22 10:40:02.739] [INFO] system - Load plugin db: flowSaver/db/saveFlow.js
[2017-10-22 10:40:02.741] [INFO] system - Load plugin db: flowSaver/db/saveFlow5min.js
[2017-10-22 10:40:02.742] [INFO] system - Load plugin db: flowSaver/db/saveFlowDay.js
[2017-10-22 10:40:02.744] [INFO] system - Load plugin db: flowSaver/db/saveFlowHour.js
[2017-10-22 10:40:02.745] [INFO] system - Load plugin db: flowSaver/db/server.js
[2017-10-22 10:40:02.748] [INFO] system - Load plugin: user
[2017-10-22 10:40:02.748] [INFO] system - Load plugin db: user/db/user.js
[2017-10-22 10:40:02.750] [INFO] system - Load plugin: account
[2017-10-22 10:40:02.751] [INFO] system - Load plugin db: account/db/account.js
[2017-10-22 10:40:02.753] [INFO] system - Load plugin: macAccount
[2017-10-22 10:40:02.753] [INFO] system - Load plugin db: macAccount/db/macAccount.js
[2017-10-22 10:40:02.754] [INFO] system - Load plugin: email
[2017-10-22 10:40:02.754] [INFO] system - Load plugin db: email/db/email.js
[2017-10-22 10:40:02.756] [INFO] system - Load plugin: webgui
[2017-10-22 10:40:02.756] [INFO] system - Load plugin db: webgui/db/notice.js
[2017-10-22 10:40:02.757] [INFO] system - Load plugin db: webgui/db/push.js
[2017-10-22 10:40:02.759] [INFO] system - Load plugin db: webgui/db/setting.js
[2017-10-22 10:40:02.760] [INFO] system - Load plugin: alipay
[2017-10-22 10:40:02.760] [INFO] system - Load plugin db: alipay/db/alipay.js
[2017-10-22 10:40:02.762] [INFO] system - Load plugin: paypal
[2017-10-22 10:40:02.762] [INFO] system - Load plugin db: paypal/db/paypal.js
[2017-10-22 10:40:02.799] [INFO] system - Load plugin index: user/index
[2017-10-22 10:40:02.805] [INFO] system - Load plugin index: email/index
[2017-10-22 10:40:02.879] [INFO] system - Load plugin index: account/index
[2017-10-22 10:40:02.931] [INFO] system - Load plugin index: macAccount/index
[2017-10-22 10:40:02.945] [INFO] system - Load plugin index: webgui/index
[2017-10-22 10:40:03.654] [INFO] system - Load plugin index: alipay/index
[2017-10-22 10:40:03.654] [INFO] system - Load plugin index: paypal/index
[2017-10-22 10:40:03.684] [INFO] system - Load plugin index: flowSaver/index
[2017-10-22 10:40:11.098] [INFO] system - { command: 'list' }
[2017-10-22 10:43:48.068] [INFO] system - server listen on 0.0.0.0:4001
[2017-10-22 10:43:48.992] [INFO] system - Load plugin: flowSaver
[2017-10-22 10:43:48.994] [INFO] system - Load plugin db: flowSaver/db/saveFlow.js
[2017-10-22 10:43:48.996] [INFO] system - Load plugin db: flowSaver/db/saveFlow5min.js
[2017-10-22 10:43:48.997] [INFO] system - Load plugin db: flowSaver/db/saveFlowDay.js
[2017-10-22 10:43:48.998] [INFO] system - Load plugin db: flowSaver/db/saveFlowHour.js
[2017-10-22 10:43:49.000] [INFO] system - Load plugin db: flowSaver/db/server.js
[2017-10-22 10:43:49.002] [INFO] system - Load plugin: user
[2017-10-22 10:43:49.002] [INFO] system - Load plugin db: user/db/user.js
[2017-10-22 10:43:49.004] [INFO] system - Load plugin: account
[2017-10-22 10:43:49.005] [INFO] system - Load plugin db: account/db/account.js
[2017-10-22 10:43:49.007] [INFO] system - Load plugin: macAccount
[2017-10-22 10:43:49.007] [INFO] system - Load plugin db: macAccount/db/macAccount.js
[2017-10-22 10:43:49.009] [INFO] system - Load plugin: email
[2017-10-22 10:43:49.009] [INFO] system - Load plugin db: email/db/email.js
[2017-10-22 10:43:49.010] [INFO] system - Load plugin: webgui
[2017-10-22 10:43:49.010] [INFO] system - Load plugin db: webgui/db/notice.js
[2017-10-22 10:43:49.012] [INFO] system - Load plugin db: webgui/db/push.js
[2017-10-22 10:43:49.013] [INFO] system - Load plugin db: webgui/db/setting.js
[2017-10-22 10:43:49.015] [INFO] system - Load plugin: alipay
[2017-10-22 10:43:49.015] [INFO] system - Load plugin db: alipay/db/alipay.js
[2017-10-22 10:43:49.016] [INFO] system - Load plugin: paypal
[2017-10-22 10:43:49.016] [INFO] system - Load plugin db: paypal/db/paypal.js
[2017-10-22 10:43:49.053] [INFO] system - Load plugin index: user/index
[2017-10-22 10:43:49.059] [INFO] system - Load plugin index: email/index
[2017-10-22 10:43:49.135] [INFO] system - Load plugin index: account/index
[2017-10-22 10:43:49.188] [INFO] system - Load plugin index: macAccount/index
[2017-10-22 10:43:49.198] [INFO] system - Load plugin index: webgui/index
[2017-10-22 10:43:49.906] [INFO] system - Load plugin index: alipay/index
[2017-10-22 10:43:49.907] [INFO] system - Load plugin index: paypal/index
[2017-10-22 10:43:49.936] [INFO] system - Load plugin index: flowSaver/index
[2017-10-22 10:43:57.248] [INFO] system - { command: 'list' }
[2017-10-22 10:44:00.052] [INFO] system - { command: 'flow', options: { clear: true } }
[2017-10-22 10:45:00.163] [INFO] system - { command: 'flow', options: { clear: true } }
[2017-10-22 10:46:00.059] [INFO] system - { command: 'list' }
[2017-10-22 10:46:00.131] [INFO] system - { command: 'flow', options: { clear: true } }
[2017-10-22 10:46:56.111] [INFO] system - { command: 'list' }
[2017-10-22 10:47:00.035] [INFO] system - { command: 'flow', options: { clear: true } }
[2017-10-22 10:47:00.255] [INFO] system - { command: 'add', port: 50002, password: '1813255020' }
[2017-10-22 10:47:00.300] [INFO] system - { command: 'del', port: 50000 }
[2017-10-22 10:48:00.033] [INFO] system - { command: 'list' }
[2017-10-22 10:48:00.041] [INFO] system - { command: 'flow', options: { clear: true } }
[2017-10-22 10:49:00.057] [INFO] system - { command: 'flow', options: { clear: true } }
[2017-10-22 10:50:00.003] [INFO] system - Receive flow from shadowsocks: (libev)
{}
[2017-10-22 10:50:00.058] [INFO] system - { command: 'flow', options: { clear: true } }
[2017-10-22 10:50:00.077] [INFO] system - { command: 'list' }
[2017-10-22 10:51:00.011] [INFO] system - Receive flow from shadowsocks: (libev)
{
  "50002": 1122245
}
[2017-10-22 10:51:00.040] [INFO] system - { command: 'flow', options: { clear: true } }
[2017-10-22 10:53:36.325] [INFO] system - server listen on 0.0.0.0:4001
[2017-10-22 10:53:36.329] [INFO] system - Receive flow from shadowsocks: (libev)
{}
[2017-10-22 10:53:37.271] [INFO] system - Load plugin: flowSaver
[2017-10-22 10:53:37.274] [INFO] system - Load plugin db: flowSaver/db/saveFlow.js
[2017-10-22 10:53:37.275] [INFO] system - Load plugin db: flowSaver/db/saveFlow5min.js
[2017-10-22 10:53:37.276] [INFO] system - Load plugin db: flowSaver/db/saveFlowDay.js
[2017-10-22 10:53:37.278] [INFO] system - Load plugin db: flowSaver/db/saveFlowHour.js
[2017-10-22 10:53:37.279] [INFO] system - Load plugin db: flowSaver/db/server.js
[2017-10-22 10:53:37.281] [INFO] system - Load plugin: user
[2017-10-22 10:53:37.281] [INFO] system - Load plugin db: user/db/user.js
[2017-10-22 10:53:37.283] [INFO] system - Load plugin: account
[2017-10-22 10:53:37.284] [INFO] system - Load plugin db: account/db/account.js
[2017-10-22 10:53:37.286] [INFO] system - Load plugin: macAccount
[2017-10-22 10:53:37.287] [INFO] system - Load plugin db: macAccount/db/macAccount.js
[2017-10-22 10:53:37.288] [INFO] system - Load plugin: email
[2017-10-22 10:53:37.288] [INFO] system - Load plugin db: email/db/email.js
[2017-10-22 10:53:37.290] [INFO] system - Load plugin: webgui
[2017-10-22 10:53:37.290] [INFO] system - Load plugin db: webgui/db/notice.js
[2017-10-22 10:53:37.291] [INFO] system - Load plugin db: webgui/db/push.js
[2017-10-22 10:53:37.293] [INFO] system - Load plugin db: webgui/db/setting.js
[2017-10-22 10:53:37.294] [INFO] system - Load plugin: alipay
[2017-10-22 10:53:37.294] [INFO] system - Load plugin db: alipay/db/alipay.js
[2017-10-22 10:53:37.296] [INFO] system - Load plugin: paypal
[2017-10-22 10:53:37.296] [INFO] system - Load plugin db: paypal/db/paypal.js
[2017-10-22 10:53:37.334] [INFO] system - Load plugin index: user/index
[2017-10-22 10:53:37.335] [INFO] system - Load plugin index: account/index
[2017-10-22 10:53:37.388] [INFO] system - Load plugin index: macAccount/index
[2017-10-22 10:53:37.399] [INFO] system - Load plugin index: email/index
[2017-10-22 10:53:37.480] [INFO] system - Load plugin index: webgui/index
[2017-10-22 10:53:38.175] [INFO] system - Load plugin index: alipay/index
[2017-10-22 10:53:38.175] [INFO] system - Load plugin index: paypal/index
[2017-10-22 10:53:38.203] [INFO] system - Load plugin index: flowSaver/index
[2017-10-22 10:53:45.470] [INFO] system - { command: 'list' }
[2017-10-22 10:54:00.018] [INFO] system - Receive flow from shadowsocks: (libev)
{
  "50002": 3043743
}
[2017-10-22 10:54:00.049] [INFO] system - { command: 'flow', options: { clear: true } }
[2017-10-22 10:55:00.005] [INFO] system - Receive flow from shadowsocks: (libev)
{
  "50002": 8405501
}
[2017-10-22 10:55:00.049] [INFO] system - { command: 'flow', options: { clear: true } }
[2017-10-22 10:56:00.004] [INFO] system - Receive flow from shadowsocks: (libev)
{
  "50002": 110800
}
[2017-10-22 10:56:00.044] [INFO] system - { command: 'list' }
